{"/home/artem/Desktop/ya/rs-react/react/src/App.tsx": {"path":"/home/artem/Desktop/ya/rs-react/react/src/App.tsx","statementMap":{"0":{"start":{"line":8,"column":8},"end":{"line":8,"column":null}},"1":{"start":{"line":9,"column":8},"end":{"line":9,"column":null}},"2":{"start":{"line":10,"column":2},"end":{"line":39,"column":null}},"3":{"start":{"line":17,"column":14},"end":{"line":32,"column":null}}},"fnMap":{"0":{"name":"App","decl":{"start":{"line":7,"column":9},"end":{"line":7,"column":15}},"loc":{"start":{"line":7,"column":15},"end":{"line":41,"column":null}},"line":7},"1":{"name":"(anonymous_1)","decl":{"start":{"line":16,"column":38},"end":{"line":16,"column":43}},"loc":{"start":{"line":17,"column":14},"end":{"line":32,"column":null}},"line":17}},"branchMap":{"0":{"loc":{"start":{"line":14,"column":9},"end":{"line":36,"column":null}},"type":"cond-expr","locations":[{"start":{"line":15,"column":10},"end":{"line":36,"column":11}},{"start":{"line":36,"column":10},"end":{"line":36,"column":null}}],"line":14},"1":{"loc":{"start":{"line":17,"column":37},"end":{"line":17,"column":86}},"type":"cond-expr","locations":[{"start":{"line":17,"column":60},"end":{"line":17,"column":75}},{"start":{"line":17,"column":75},"end":{"line":17,"column":86}}],"line":17},"2":{"loc":{"start":{"line":18,"column":17},"end":{"line":19,"column":null}},"type":"binary-expr","locations":[{"start":{"line":18,"column":17},"end":{"line":18,"column":null}},{"start":{"line":19,"column":18},"end":{"line":19,"column":null}}],"line":18},"3":{"loc":{"start":{"line":31,"column":47},"end":{"line":31,"column":90}},"type":"cond-expr","locations":[{"start":{"line":31,"column":60},"end":{"line":31,"column":73}},{"start":{"line":31,"column":73},"end":{"line":31,"column":90}}],"line":31}},"s":{"0":5,"1":5,"2":5,"3":3},"f":{"0":5,"1":3},"b":{"0":[3,2],"1":[3,0],"2":[3,0],"3":[3,0]},"meta":{"lastBranch":4,"lastFunction":2,"lastStatement":4,"seen":{"f:7:9:7:15":0,"s:8:8:8:Infinity":0,"s:9:8:9:Infinity":1,"s:10:2:39:Infinity":2,"b:15:10:36:11:36:10:36:Infinity":0,"f:16:38:16:43":1,"s:17:14:32:Infinity":3,"b:17:60:17:75:17:75:17:86":1,"b:18:17:18:Infinity:19:18:19:Infinity":2,"b:31:60:31:73:31:73:31:90":3}}}
,"/home/artem/Desktop/ya/rs-react/react/src/components/autocomplete/autocomplete.tsx": {"path":"/home/artem/Desktop/ya/rs-react/react/src/components/autocomplete/autocomplete.tsx","statementMap":{"0":{"start":{"line":16,"column":6},"end":{"line":87,"column":null}},"1":{"start":{"line":18,"column":25},"end":{"line":18,"column":null}},"2":{"start":{"line":19,"column":23},"end":{"line":19,"column":null}},"3":{"start":{"line":20,"column":27},"end":{"line":20,"column":null}},"4":{"start":{"line":22,"column":18},"end":{"line":22,"column":null}},"5":{"start":{"line":23,"column":24},"end":{"line":23,"column":null}},"6":{"start":{"line":24,"column":17},"end":{"line":24,"column":null}},"7":{"start":{"line":26,"column":23},"end":{"line":26,"column":null}},"8":{"start":{"line":28,"column":10},"end":{"line":31,"column":null}},"9":{"start":{"line":29,"column":6},"end":{"line":29,"column":null}},"10":{"start":{"line":30,"column":6},"end":{"line":30,"column":null}},"11":{"start":{"line":33,"column":10},"end":{"line":35,"column":null}},"12":{"start":{"line":34,"column":6},"end":{"line":34,"column":null}},"13":{"start":{"line":34,"column":23},"end":{"line":34,"column":39}},"14":{"start":{"line":37,"column":10},"end":{"line":51,"column":null}},"15":{"start":{"line":38,"column":18},"end":{"line":38,"column":null}},"16":{"start":{"line":40,"column":6},"end":{"line":40,"column":null}},"17":{"start":{"line":40,"column":25},"end":{"line":40,"column":null}},"18":{"start":{"line":42,"column":6},"end":{"line":48,"column":null}},"19":{"start":{"line":45,"column":14},"end":{"line":45,"column":null}},"20":{"start":{"line":50,"column":6},"end":{"line":50,"column":null}},"21":{"start":{"line":53,"column":10},"end":{"line":60,"column":null}},"22":{"start":{"line":54,"column":6},"end":{"line":54,"column":null}},"23":{"start":{"line":54,"column":25},"end":{"line":54,"column":null}},"24":{"start":{"line":55,"column":6},"end":{"line":55,"column":null}},"25":{"start":{"line":57,"column":6},"end":{"line":59,"column":null}},"26":{"start":{"line":62,"column":4},"end":{"line":84,"column":null}},"27":{"start":{"line":78,"column":14},"end":{"line":80,"column":null}},"28":{"start":{"line":78,"column":44},"end":{"line":78,"column":null}},"29":{"start":{"line":89,"column":0},"end":{"line":89,"column":null}}},"fnMap":{"0":{"name":"(anonymous_0)","decl":{"start":{"line":16,"column":21},"end":{"line":16,"column":null}},"loc":{"start":{"line":17,"column":69},"end":{"line":86,"column":null}},"line":17},"1":{"name":"(anonymous_1)","decl":{"start":{"line":28,"column":10},"end":{"line":28,"column":30}},"loc":{"start":{"line":28,"column":30},"end":{"line":31,"column":null}},"line":28},"2":{"name":"(anonymous_2)","decl":{"start":{"line":33,"column":10},"end":{"line":33,"column":29}},"loc":{"start":{"line":33,"column":29},"end":{"line":35,"column":null}},"line":33},"3":{"name":"(anonymous_3)","decl":{"start":{"line":34,"column":6},"end":{"line":34,"column":23}},"loc":{"start":{"line":34,"column":23},"end":{"line":34,"column":39}},"line":34},"4":{"name":"(anonymous_4)","decl":{"start":{"line":37,"column":10},"end":{"line":37,"column":26}},"loc":{"start":{"line":37,"column":63},"end":{"line":51,"column":null}},"line":37},"5":{"name":"(anonymous_5)","decl":{"start":{"line":44,"column":27},"end":{"line":44,"column":35}},"loc":{"start":{"line":45,"column":14},"end":{"line":45,"column":null}},"line":45},"6":{"name":"(anonymous_6)","decl":{"start":{"line":53,"column":10},"end":{"line":53,"column":26}},"loc":{"start":{"line":53,"column":43},"end":{"line":60,"column":null}},"line":53},"7":{"name":"(anonymous_7)","decl":{"start":{"line":77,"column":25},"end":{"line":77,"column":30}},"loc":{"start":{"line":78,"column":14},"end":{"line":80,"column":null}},"line":78},"8":{"name":"(anonymous_8)","decl":{"start":{"line":78,"column":29},"end":{"line":78,"column":44}},"loc":{"start":{"line":78,"column":44},"end":{"line":78,"column":null}},"line":78}},"branchMap":{"0":{"loc":{"start":{"line":22,"column":39},"end":{"line":22,"column":57}},"type":"binary-expr","locations":[{"start":{"line":22,"column":39},"end":{"line":22,"column":55}},{"start":{"line":22,"column":55},"end":{"line":22,"column":57}}],"line":22},"1":{"loc":{"start":{"line":26,"column":23},"end":{"line":26,"column":null}},"type":"cond-expr","locations":[{"start":{"line":26,"column":38},"end":{"line":26,"column":46}},{"start":{"line":26,"column":46},"end":{"line":26,"column":null}}],"line":26},"2":{"loc":{"start":{"line":40,"column":6},"end":{"line":40,"column":null}},"type":"if","locations":[{"start":{"line":40,"column":6},"end":{"line":40,"column":null}},{"start":{},"end":{}}],"line":40},"3":{"loc":{"start":{"line":43,"column":8},"end":{"line":47,"column":null}},"type":"cond-expr","locations":[{"start":{"line":44,"column":12},"end":{"line":46,"column":null}},{"start":{"line":47,"column":12},"end":{"line":47,"column":null}}],"line":43},"4":{"loc":{"start":{"line":54,"column":6},"end":{"line":54,"column":null}},"type":"if","locations":[{"start":{"line":54,"column":6},"end":{"line":54,"column":null}},{"start":{},"end":{}}],"line":54},"5":{"loc":{"start":{"line":58,"column":37},"end":{"line":58,"column":48}},"type":"binary-expr","locations":[{"start":{"line":58,"column":37},"end":{"line":58,"column":45}},{"start":{"line":58,"column":45},"end":{"line":58,"column":48}}],"line":58},"6":{"loc":{"start":{"line":75,"column":9},"end":{"line":84,"column":null}},"type":"binary-expr","locations":[{"start":{"line":75,"column":9},"end":{"line":75,"column":17}},{"start":{"line":75,"column":17},"end":{"line":75,"column":null}},{"start":{"line":76,"column":10},"end":{"line":84,"column":null}}],"line":75}},"s":{"0":4,"1":36,"2":36,"3":36,"4":36,"5":36,"6":36,"7":36,"8":36,"9":4,"10":4,"11":36,"12":0,"13":0,"14":36,"15":1,"16":1,"17":1,"18":1,"19":7,"20":1,"21":36,"22":2,"23":2,"24":2,"25":2,"26":36,"27":29,"28":2,"29":4},"f":{"0":36,"1":4,"2":0,"3":0,"4":1,"5":7,"6":2,"7":29,"8":2},"b":{"0":[36,35],"1":[12,24],"2":[1,0],"3":[1,0],"4":[2,0],"5":[1,1],"6":[36,5,5]},"meta":{"lastBranch":7,"lastFunction":9,"lastStatement":30,"seen":{"s:16:6:87:Infinity":0,"f:16:21:16:Infinity":0,"s:18:25:18:Infinity":1,"s:19:23:19:Infinity":2,"s:20:27:20:Infinity":3,"s:22:18:22:Infinity":4,"b:22:39:22:55:22:55:22:57":0,"s:23:24:23:Infinity":5,"s:24:17:24:Infinity":6,"s:26:23:26:Infinity":7,"b:26:38:26:46:26:46:26:Infinity":1,"s:28:10:31:Infinity":8,"f:28:10:28:30":1,"s:29:6:29:Infinity":9,"s:30:6:30:Infinity":10,"s:33:10:35:Infinity":11,"f:33:10:33:29":2,"s:34:6:34:Infinity":12,"f:34:6:34:23":3,"s:34:23:34:39":13,"s:37:10:51:Infinity":14,"f:37:10:37:26":4,"s:38:18:38:Infinity":15,"b:40:6:40:Infinity:undefined:undefined:undefined:undefined":2,"s:40:6:40:Infinity":16,"s:40:25:40:Infinity":17,"s:42:6:48:Infinity":18,"b:44:12:46:Infinity:47:12:47:Infinity":3,"f:44:27:44:35":5,"s:45:14:45:Infinity":19,"s:50:6:50:Infinity":20,"s:53:10:60:Infinity":21,"f:53:10:53:26":6,"b:54:6:54:Infinity:undefined:undefined:undefined:undefined":4,"s:54:6:54:Infinity":22,"s:54:25:54:Infinity":23,"s:55:6:55:Infinity":24,"s:57:6:59:Infinity":25,"b:58:37:58:45:58:45:58:48":5,"s:62:4:84:Infinity":26,"b:75:9:75:17:75:17:75:Infinity:76:10:84:Infinity":6,"f:77:25:77:30":7,"s:78:14:80:Infinity":27,"f:78:29:78:44":8,"s:78:44:78:Infinity":28,"s:89:0:89:Infinity":29}}}
,"/home/artem/Desktop/ya/rs-react/react/src/components/header/header.tsx": {"path":"/home/artem/Desktop/ya/rs-react/react/src/components/header/header.tsx","statementMap":{"0":{"start":{"line":7,"column":22},"end":{"line":7,"column":null}},"1":{"start":{"line":9,"column":8},"end":{"line":9,"column":null}},"2":{"start":{"line":9,"column":28},"end":{"line":9,"column":null}},"3":{"start":{"line":10,"column":2},"end":{"line":15,"column":null}}},"fnMap":{"0":{"name":"Header","decl":{"start":{"line":6,"column":9},"end":{"line":6,"column":18}},"loc":{"start":{"line":6,"column":18},"end":{"line":17,"column":null}},"line":6},"1":{"name":"(anonymous_1)","decl":{"start":{"line":9,"column":8},"end":{"line":9,"column":28}},"loc":{"start":{"line":9,"column":28},"end":{"line":9,"column":null}},"line":9}},"branchMap":{"0":{"loc":{"start":{"line":13,"column":7},"end":{"line":14,"column":null}},"type":"binary-expr","locations":[{"start":{"line":13,"column":7},"end":{"line":13,"column":null}},{"start":{"line":13,"column":7},"end":{"line":14,"column":null}}],"line":13}},"s":{"0":6,"1":6,"2":3,"3":6},"f":{"0":6,"1":3},"b":{"0":[6,2]},"meta":{"lastBranch":1,"lastFunction":2,"lastStatement":4,"seen":{"f:6:9:6:18":0,"s:7:22:7:Infinity":0,"s:9:8:9:Infinity":1,"f:9:8:9:28":1,"s:9:28:9:Infinity":2,"s:10:2:15:Infinity":3,"b:13:7:13:Infinity:13:7:14:Infinity":0}}}
,"/home/artem/Desktop/ya/rs-react/react/src/components/modal/form-config.ts": {"path":"/home/artem/Desktop/ya/rs-react/react/src/components/modal/form-config.ts","statementMap":{"0":{"start":{"line":4,"column":23},"end":{"line":4,"column":null}},"1":{"start":{"line":6,"column":18},"end":{"line":10,"column":null}},"2":{"start":{"line":12,"column":6},"end":{"line":18,"column":null}},"3":{"start":{"line":13,"column":2},"end":{"line":13,"column":null}},"4":{"start":{"line":13,"column":10},"end":{"line":13,"column":null}},"5":{"start":{"line":14,"column":16},"end":{"line":14,"column":null}},"6":{"start":{"line":15,"column":2},"end":{"line":15,"column":null}},"7":{"start":{"line":15,"column":26},"end":{"line":15,"column":null}},"8":{"start":{"line":16,"column":26},"end":{"line":16,"column":null}},"9":{"start":{"line":17,"column":2},"end":{"line":17,"column":null}},"10":{"start":{"line":20,"column":13},"end":{"line":74,"column":null}},"11":{"start":{"line":21,"column":2},"end":{"line":74,"column":null}},"12":{"start":{"line":26,"column":8},"end":{"line":26,"column":null}},"13":{"start":{"line":26,"column":16},"end":{"line":26,"column":null}},"14":{"start":{"line":27,"column":22},"end":{"line":27,"column":null}},"15":{"start":{"line":28,"column":8},"end":{"line":28,"column":null}},"16":{"start":{"line":42,"column":8},"end":{"line":42,"column":null}},"17":{"start":{"line":42,"column":20},"end":{"line":42,"column":null}},"18":{"start":{"line":44,"column":8},"end":{"line":44,"column":null}},"19":{"start":{"line":52,"column":8},"end":{"line":52,"column":null}},"20":{"start":{"line":52,"column":16},"end":{"line":52,"column":null}},"21":{"start":{"line":53,"column":22},"end":{"line":53,"column":null}},"22":{"start":{"line":54,"column":8},"end":{"line":54,"column":null}},"23":{"start":{"line":65,"column":8},"end":{"line":65,"column":null}},"24":{"start":{"line":65,"column":19},"end":{"line":65,"column":null}},"25":{"start":{"line":67,"column":8},"end":{"line":67,"column":null}},"26":{"start":{"line":70,"column":8},"end":{"line":70,"column":null}},"27":{"start":{"line":70,"column":19},"end":{"line":70,"column":null}},"28":{"start":{"line":72,"column":8},"end":{"line":72,"column":null}}},"fnMap":{"0":{"name":"(anonymous_0)","decl":{"start":{"line":12,"column":6},"end":{"line":12,"column":24}},"loc":{"start":{"line":12,"column":38},"end":{"line":18,"column":null}},"line":12},"1":{"name":"(anonymous_1)","decl":{"start":{"line":20,"column":13},"end":{"line":20,"column":27}},"loc":{"start":{"line":21,"column":2},"end":{"line":74,"column":null}},"line":21},"2":{"name":"(anonymous_2)","decl":{"start":{"line":25,"column":38},"end":{"line":25,"column":73}},"loc":{"start":{"line":25,"column":79},"end":{"line":29,"column":7}},"line":25},"3":{"name":"(anonymous_3)","decl":{"start":{"line":41,"column":30},"end":{"line":41,"column":57}},"loc":{"start":{"line":41,"column":67},"end":{"line":45,"column":7}},"line":41},"4":{"name":"(anonymous_4)","decl":{"start":{"line":51,"column":30},"end":{"line":51,"column":54}},"loc":{"start":{"line":51,"column":60},"end":{"line":55,"column":7}},"line":51},"5":{"name":"(anonymous_5)","decl":{"start":{"line":64,"column":25},"end":{"line":64,"column":51}},"loc":{"start":{"line":64,"column":60},"end":{"line":68,"column":7}},"line":64},"6":{"name":"(anonymous_6)","decl":{"start":{"line":69,"column":27},"end":{"line":69,"column":61}},"loc":{"start":{"line":69,"column":70},"end":{"line":73,"column":7}},"line":69}},"branchMap":{"0":{"loc":{"start":{"line":13,"column":2},"end":{"line":13,"column":null}},"type":"if","locations":[{"start":{"line":13,"column":2},"end":{"line":13,"column":null}},{"start":{},"end":{}}],"line":13},"1":{"loc":{"start":{"line":15,"column":2},"end":{"line":15,"column":null}},"type":"if","locations":[{"start":{"line":15,"column":2},"end":{"line":15,"column":null}},{"start":{},"end":{}}],"line":15},"2":{"loc":{"start":{"line":17,"column":9},"end":{"line":17,"column":null}},"type":"binary-expr","locations":[{"start":{"line":17,"column":9},"end":{"line":17,"column":27}},{"start":{"line":17,"column":27},"end":{"line":17,"column":null}}],"line":17},"3":{"loc":{"start":{"line":26,"column":8},"end":{"line":26,"column":null}},"type":"if","locations":[{"start":{"line":26,"column":8},"end":{"line":26,"column":null}},{"start":{},"end":{}}],"line":26},"4":{"loc":{"start":{"line":42,"column":8},"end":{"line":42,"column":null}},"type":"if","locations":[{"start":{"line":42,"column":8},"end":{"line":42,"column":null}},{"start":{},"end":{}}],"line":42},"5":{"loc":{"start":{"line":52,"column":8},"end":{"line":52,"column":null}},"type":"if","locations":[{"start":{"line":52,"column":8},"end":{"line":52,"column":null}},{"start":{},"end":{}}],"line":52},"6":{"loc":{"start":{"line":65,"column":8},"end":{"line":65,"column":null}},"type":"if","locations":[{"start":{"line":65,"column":8},"end":{"line":65,"column":null}},{"start":{},"end":{}}],"line":65},"7":{"loc":{"start":{"line":70,"column":8},"end":{"line":70,"column":null}},"type":"if","locations":[{"start":{"line":70,"column":8},"end":{"line":70,"column":null}},{"start":{},"end":{}}],"line":70}},"s":{"0":4,"1":4,"2":4,"3":20,"4":10,"5":10,"6":10,"7":1,"8":9,"9":9,"10":4,"11":16,"12":20,"13":10,"14":10,"15":10,"16":20,"17":10,"18":10,"19":20,"20":9,"21":11,"22":11,"23":11,"24":0,"25":11,"26":11,"27":0,"28":11},"f":{"0":20,"1":16,"2":20,"3":20,"4":20,"5":11,"6":11},"b":{"0":[10,10],"1":[1,9],"2":[9,9],"3":[10,10],"4":[10,10],"5":[9,11],"6":[0,11],"7":[0,11]},"meta":{"lastBranch":8,"lastFunction":7,"lastStatement":29,"seen":{"s:4:23:4:Infinity":0,"s:6:18:10:Infinity":1,"s:12:6:18:Infinity":2,"f:12:6:12:24":0,"b:13:2:13:Infinity:undefined:undefined:undefined:undefined":0,"s:13:2:13:Infinity":3,"s:13:10:13:Infinity":4,"s:14:16:14:Infinity":5,"b:15:2:15:Infinity:undefined:undefined:undefined:undefined":1,"s:15:2:15:Infinity":6,"s:15:26:15:Infinity":7,"s:16:26:16:Infinity":8,"s:17:2:17:Infinity":9,"b:17:9:17:27:17:27:17:Infinity":2,"s:20:13:74:Infinity":10,"f:20:13:20:27":1,"s:21:2:74:Infinity":11,"f:25:38:25:73":2,"b:26:8:26:Infinity:undefined:undefined:undefined:undefined":3,"s:26:8:26:Infinity":12,"s:26:16:26:Infinity":13,"s:27:22:27:Infinity":14,"s:28:8:28:Infinity":15,"f:41:30:41:57":3,"b:42:8:42:Infinity:undefined:undefined:undefined:undefined":4,"s:42:8:42:Infinity":16,"s:42:20:42:Infinity":17,"s:44:8:44:Infinity":18,"f:51:30:51:54":4,"b:52:8:52:Infinity:undefined:undefined:undefined:undefined":5,"s:52:8:52:Infinity":19,"s:52:16:52:Infinity":20,"s:53:22:53:Infinity":21,"s:54:8:54:Infinity":22,"f:64:25:64:51":5,"b:65:8:65:Infinity:undefined:undefined:undefined:undefined":6,"s:65:8:65:Infinity":23,"s:65:19:65:Infinity":24,"s:67:8:67:Infinity":25,"f:69:27:69:61":6,"b:70:8:70:Infinity:undefined:undefined:undefined:undefined":7,"s:70:8:70:Infinity":26,"s:70:19:70:Infinity":27,"s:72:8:72:Infinity":28}}}
,"/home/artem/Desktop/ya/rs-react/react/src/components/modal/modal.tsx": {"path":"/home/artem/Desktop/ya/rs-react/react/src/components/modal/modal.tsx","statementMap":{"0":{"start":{"line":15,"column":8},"end":{"line":15,"column":null}},"1":{"start":{"line":16,"column":2},"end":{"line":16,"column":null}},"2":{"start":{"line":17,"column":2},"end":{"line":17,"column":null}},"3":{"start":{"line":19,"column":2},"end":{"line":30,"column":null}}},"fnMap":{"0":{"name":"Modal","decl":{"start":{"line":14,"column":9},"end":{"line":14,"column":15}},"loc":{"start":{"line":14,"column":40},"end":{"line":32,"column":null}},"line":14}},"branchMap":{},"s":{"0":3,"1":3,"2":3,"3":3},"f":{"0":3},"b":{},"meta":{"lastBranch":0,"lastFunction":1,"lastStatement":4,"seen":{"f:14:9:14:15":0,"s:15:8:15:Infinity":0,"s:16:2:16:Infinity":1,"s:17:2:17:Infinity":2,"s:19:2:30:Infinity":3}}}
,"/home/artem/Desktop/ya/rs-react/react/src/components/modal/controlled-form/controlled-form.tsx": {"path":"/home/artem/Desktop/ya/rs-react/react/src/components/modal/controlled-form/controlled-form.tsx","statementMap":{"0":{"start":{"line":23,"column":17},"end":{"line":38,"column":null}},"1":{"start":{"line":39,"column":8},"end":{"line":39,"column":null}},"2":{"start":{"line":40,"column":8},"end":{"line":40,"column":null}},"3":{"start":{"line":42,"column":23},"end":{"line":57,"column":null}},"4":{"start":{"line":43,"column":17},"end":{"line":43,"column":null}},"5":{"start":{"line":44,"column":4},"end":{"line":50,"column":null}},"6":{"start":{"line":45,"column":6},"end":{"line":49,"column":null}},"7":{"start":{"line":46,"column":8},"end":{"line":46,"column":null}},"8":{"start":{"line":48,"column":8},"end":{"line":48,"column":null}},"9":{"start":{"line":51,"column":4},"end":{"line":56,"column":null}},"10":{"start":{"line":59,"column":19},"end":{"line":63,"column":null}},"11":{"start":{"line":60,"column":28},"end":{"line":60,"column":null}},"12":{"start":{"line":61,"column":4},"end":{"line":61,"column":null}},"13":{"start":{"line":62,"column":4},"end":{"line":62,"column":null}},"14":{"start":{"line":65,"column":2},"end":{"line":205,"column":null}},"15":{"start":{"line":76,"column":12},"end":{"line":80,"column":null}},"16":{"start":{"line":87,"column":12},"end":{"line":91,"column":null}},"17":{"start":{"line":98,"column":12},"end":{"line":102,"column":null}},"18":{"start":{"line":109,"column":12},"end":{"line":119,"column":null}},"19":{"start":{"line":113,"column":18},"end":{"line":115,"column":null}},"20":{"start":{"line":126,"column":12},"end":{"line":136,"column":null}},"21":{"start":{"line":143,"column":12},"end":{"line":153,"column":null}},"22":{"start":{"line":160,"column":12},"end":{"line":164,"column":null}},"23":{"start":{"line":172,"column":12},"end":{"line":176,"column":null}},"24":{"start":{"line":186,"column":12},"end":{"line":198,"column":null}},"25":{"start":{"line":195,"column":33},"end":{"line":195,"column":null}}},"fnMap":{"0":{"name":"ControlledForm","decl":{"start":{"line":19,"column":9},"end":{"line":19,"column":24}},"loc":{"start":{"line":19,"column":60},"end":{"line":207,"column":null}},"line":19},"1":{"name":"(anonymous_1)","decl":{"start":{"line":42,"column":23},"end":{"line":42,"column":30}},"loc":{"start":{"line":42,"column":75},"end":{"line":57,"column":null}},"line":42},"2":{"name":"(anonymous_2)","decl":{"start":{"line":59,"column":19},"end":{"line":59,"column":26}},"loc":{"start":{"line":59,"column":46},"end":{"line":63,"column":null}},"line":59},"3":{"name":"(anonymous_3)","decl":{"start":{"line":75,"column":10},"end":{"line":75,"column":19}},"loc":{"start":{"line":76,"column":12},"end":{"line":80,"column":null}},"line":76},"4":{"name":"(anonymous_4)","decl":{"start":{"line":86,"column":10},"end":{"line":86,"column":19}},"loc":{"start":{"line":87,"column":12},"end":{"line":91,"column":null}},"line":87},"5":{"name":"(anonymous_5)","decl":{"start":{"line":97,"column":10},"end":{"line":97,"column":19}},"loc":{"start":{"line":98,"column":12},"end":{"line":102,"column":null}},"line":98},"6":{"name":"(anonymous_6)","decl":{"start":{"line":108,"column":10},"end":{"line":108,"column":19}},"loc":{"start":{"line":109,"column":12},"end":{"line":119,"column":null}},"line":109},"7":{"name":"(anonymous_7)","decl":{"start":{"line":112,"column":41},"end":{"line":112,"column":46}},"loc":{"start":{"line":113,"column":18},"end":{"line":115,"column":null}},"line":113},"8":{"name":"(anonymous_8)","decl":{"start":{"line":125,"column":10},"end":{"line":125,"column":19}},"loc":{"start":{"line":126,"column":12},"end":{"line":136,"column":null}},"line":126},"9":{"name":"(anonymous_9)","decl":{"start":{"line":142,"column":10},"end":{"line":142,"column":19}},"loc":{"start":{"line":143,"column":12},"end":{"line":153,"column":null}},"line":143},"10":{"name":"(anonymous_10)","decl":{"start":{"line":159,"column":10},"end":{"line":159,"column":19}},"loc":{"start":{"line":160,"column":12},"end":{"line":164,"column":null}},"line":160},"11":{"name":"(anonymous_11)","decl":{"start":{"line":171,"column":10},"end":{"line":171,"column":19}},"loc":{"start":{"line":172,"column":12},"end":{"line":176,"column":null}},"line":172},"12":{"name":"(anonymous_12)","decl":{"start":{"line":182,"column":10},"end":{"line":182,"column":19}},"loc":{"start":{"line":186,"column":12},"end":{"line":198,"column":null}},"line":186},"13":{"name":"(anonymous_13)","decl":{"start":{"line":195,"column":16},"end":{"line":195,"column":27}},"loc":{"start":{"line":195,"column":33},"end":{"line":195,"column":null}},"line":195}},"branchMap":{"0":{"loc":{"start":{"line":44,"column":4},"end":{"line":50,"column":null}},"type":"if","locations":[{"start":{"line":44,"column":4},"end":{"line":50,"column":null}},{"start":{},"end":{}}],"line":44},"1":{"loc":{"start":{"line":79,"column":15},"end":{"line":79,"column":null}},"type":"binary-expr","locations":[{"start":{"line":79,"column":15},"end":{"line":79,"column":24}},{"start":{"line":79,"column":24},"end":{"line":79,"column":null}}],"line":79},"2":{"loc":{"start":{"line":90,"column":15},"end":{"line":90,"column":null}},"type":"binary-expr","locations":[{"start":{"line":90,"column":15},"end":{"line":90,"column":24}},{"start":{"line":90,"column":24},"end":{"line":90,"column":null}}],"line":90},"3":{"loc":{"start":{"line":101,"column":15},"end":{"line":101,"column":null}},"type":"binary-expr","locations":[{"start":{"line":101,"column":15},"end":{"line":101,"column":24}},{"start":{"line":101,"column":24},"end":{"line":101,"column":null}}],"line":101},"4":{"loc":{"start":{"line":118,"column":15},"end":{"line":118,"column":null}},"type":"binary-expr","locations":[{"start":{"line":118,"column":15},"end":{"line":118,"column":24}},{"start":{"line":118,"column":24},"end":{"line":118,"column":null}}],"line":118},"5":{"loc":{"start":{"line":135,"column":15},"end":{"line":135,"column":null}},"type":"binary-expr","locations":[{"start":{"line":135,"column":15},"end":{"line":135,"column":24}},{"start":{"line":135,"column":24},"end":{"line":135,"column":null}}],"line":135},"6":{"loc":{"start":{"line":152,"column":15},"end":{"line":152,"column":null}},"type":"binary-expr","locations":[{"start":{"line":152,"column":15},"end":{"line":152,"column":24}},{"start":{"line":152,"column":24},"end":{"line":152,"column":null}}],"line":152},"7":{"loc":{"start":{"line":163,"column":15},"end":{"line":163,"column":null}},"type":"binary-expr","locations":[{"start":{"line":163,"column":15},"end":{"line":163,"column":24}},{"start":{"line":163,"column":24},"end":{"line":163,"column":null}}],"line":163},"8":{"loc":{"start":{"line":175,"column":15},"end":{"line":175,"column":null}},"type":"binary-expr","locations":[{"start":{"line":175,"column":15},"end":{"line":175,"column":24}},{"start":{"line":175,"column":24},"end":{"line":175,"column":null}}],"line":175},"9":{"loc":{"start":{"line":195,"column":42},"end":{"line":195,"column":69}},"type":"binary-expr","locations":[{"start":{"line":195,"column":42},"end":{"line":195,"column":65}},{"start":{"line":195,"column":65},"end":{"line":195,"column":69}}],"line":195},"10":{"loc":{"start":{"line":197,"column":15},"end":{"line":197,"column":null}},"type":"binary-expr","locations":[{"start":{"line":197,"column":15},"end":{"line":197,"column":24}},{"start":{"line":197,"column":24},"end":{"line":197,"column":null}}],"line":197}},"s":{"0":12,"1":12,"2":12,"3":12,"4":0,"5":0,"6":0,"7":0,"8":0,"9":0,"10":12,"11":0,"12":0,"13":0,"14":12,"15":12,"16":12,"17":12,"18":12,"19":36,"20":12,"21":12,"22":12,"23":12,"24":12,"25":0},"f":{"0":12,"1":0,"2":0,"3":12,"4":12,"5":12,"6":12,"7":36,"8":12,"9":12,"10":12,"11":12,"12":12,"13":0},"b":{"0":[0,0],"1":[12,0],"2":[12,0],"3":[12,0],"4":[12,0],"5":[12,0],"6":[12,0],"7":[12,0],"8":[12,0],"9":[0,0],"10":[12,0]},"meta":{"lastBranch":11,"lastFunction":14,"lastStatement":26,"seen":{"f:19:9:19:24":0,"s:23:17:38:Infinity":0,"s:39:8:39:Infinity":1,"s:40:8:40:Infinity":2,"s:42:23:57:Infinity":3,"f:42:23:42:30":1,"s:43:17:43:Infinity":4,"b:44:4:50:Infinity:undefined:undefined:undefined:undefined":0,"s:44:4:50:Infinity":5,"s:45:6:49:Infinity":6,"s:46:8:46:Infinity":7,"s:48:8:48:Infinity":8,"s:51:4:56:Infinity":9,"s:59:19:63:Infinity":10,"f:59:19:59:26":2,"s:60:28:60:Infinity":11,"s:61:4:61:Infinity":12,"s:62:4:62:Infinity":13,"s:65:2:205:Infinity":14,"f:75:10:75:19":3,"s:76:12:80:Infinity":15,"b:79:15:79:24:79:24:79:Infinity":1,"f:86:10:86:19":4,"s:87:12:91:Infinity":16,"b:90:15:90:24:90:24:90:Infinity":2,"f:97:10:97:19":5,"s:98:12:102:Infinity":17,"b:101:15:101:24:101:24:101:Infinity":3,"f:108:10:108:19":6,"s:109:12:119:Infinity":18,"f:112:41:112:46":7,"s:113:18:115:Infinity":19,"b:118:15:118:24:118:24:118:Infinity":4,"f:125:10:125:19":8,"s:126:12:136:Infinity":20,"b:135:15:135:24:135:24:135:Infinity":5,"f:142:10:142:19":9,"s:143:12:153:Infinity":21,"b:152:15:152:24:152:24:152:Infinity":6,"f:159:10:159:19":10,"s:160:12:164:Infinity":22,"b:163:15:163:24:163:24:163:Infinity":7,"f:171:10:171:19":11,"s:172:12:176:Infinity":23,"b:175:15:175:24:175:24:175:Infinity":8,"f:182:10:182:19":12,"s:186:12:198:Infinity":24,"f:195:16:195:27":13,"s:195:33:195:Infinity":25,"b:195:42:195:65:195:65:195:69":9,"b:197:15:197:24:197:24:197:Infinity":10}}}
,"/home/artem/Desktop/ya/rs-react/react/src/components/modal/uncontrolled-form/uncontrolled-form.tsx": {"path":"/home/artem/Desktop/ya/rs-react/react/src/components/modal/uncontrolled-form/uncontrolled-form.tsx","statementMap":{"0":{"start":{"line":20,"column":17},"end":{"line":20,"column":null}},"1":{"start":{"line":21,"column":24},"end":{"line":21,"column":null}},"2":{"start":{"line":22,"column":8},"end":{"line":22,"column":null}},"3":{"start":{"line":23,"column":8},"end":{"line":23,"column":null}},"4":{"start":{"line":24,"column":8},"end":{"line":24,"column":null}},"5":{"start":{"line":25,"column":8},"end":{"line":25,"column":null}},"6":{"start":{"line":26,"column":8},"end":{"line":26,"column":null}},"7":{"start":{"line":27,"column":8},"end":{"line":27,"column":null}},"8":{"start":{"line":28,"column":8},"end":{"line":28,"column":null}},"9":{"start":{"line":29,"column":8},"end":{"line":29,"column":null}},"10":{"start":{"line":30,"column":8},"end":{"line":30,"column":null}},"11":{"start":{"line":32,"column":8},"end":{"line":32,"column":null}},"12":{"start":{"line":34,"column":23},"end":{"line":66,"column":null}},"13":{"start":{"line":35,"column":4},"end":{"line":35,"column":null}},"14":{"start":{"line":37,"column":28},"end":{"line":47,"column":null}},"15":{"start":{"line":49,"column":4},"end":{"line":65,"column":null}},"16":{"start":{"line":50,"column":6},"end":{"line":50,"column":null}},"17":{"start":{"line":51,"column":6},"end":{"line":51,"column":null}},"18":{"start":{"line":52,"column":6},"end":{"line":52,"column":null}},"19":{"start":{"line":53,"column":6},"end":{"line":53,"column":null}},"20":{"start":{"line":55,"column":6},"end":{"line":64,"column":null}},"21":{"start":{"line":56,"column":56},"end":{"line":56,"column":null}},"22":{"start":{"line":58,"column":8},"end":{"line":62,"column":null}},"23":{"start":{"line":59,"column":10},"end":{"line":61,"column":null}},"24":{"start":{"line":60,"column":12},"end":{"line":60,"column":null}},"25":{"start":{"line":63,"column":8},"end":{"line":63,"column":null}},"26":{"start":{"line":68,"column":23},"end":{"line":83,"column":null}},"27":{"start":{"line":69,"column":17},"end":{"line":69,"column":null}},"28":{"start":{"line":70,"column":4},"end":{"line":76,"column":null}},"29":{"start":{"line":71,"column":6},"end":{"line":75,"column":null}},"30":{"start":{"line":72,"column":8},"end":{"line":72,"column":null}},"31":{"start":{"line":74,"column":8},"end":{"line":74,"column":null}},"32":{"start":{"line":77,"column":4},"end":{"line":82,"column":null}},"33":{"start":{"line":85,"column":2},"end":{"line":178,"column":null}},"34":{"start":{"line":121,"column":12},"end":{"line":123,"column":null}},"35":{"start":{"line":149,"column":27},"end":{"line":149,"column":null}}},"fnMap":{"0":{"name":"UncontrolledForm","decl":{"start":{"line":19,"column":9},"end":{"line":19,"column":26}},"loc":{"start":{"line":19,"column":62},"end":{"line":180,"column":null}},"line":19},"1":{"name":"(anonymous_1)","decl":{"start":{"line":34,"column":23},"end":{"line":34,"column":30}},"loc":{"start":{"line":34,"column":76},"end":{"line":66,"column":null}},"line":34},"2":{"name":"(anonymous_2)","decl":{"start":{"line":58,"column":20},"end":{"line":58,"column":29}},"loc":{"start":{"line":58,"column":39},"end":{"line":62,"column":9}},"line":58},"3":{"name":"(anonymous_3)","decl":{"start":{"line":68,"column":23},"end":{"line":68,"column":30}},"loc":{"start":{"line":68,"column":75},"end":{"line":83,"column":null}},"line":68},"4":{"name":"(anonymous_4)","decl":{"start":{"line":120,"column":35},"end":{"line":120,"column":40}},"loc":{"start":{"line":121,"column":12},"end":{"line":123,"column":null}},"line":121},"5":{"name":"(anonymous_5)","decl":{"start":{"line":149,"column":10},"end":{"line":149,"column":21}},"loc":{"start":{"line":149,"column":27},"end":{"line":149,"column":null}},"line":149}},"branchMap":{"0":{"loc":{"start":{"line":38,"column":12},"end":{"line":38,"column":null}},"type":"binary-expr","locations":[{"start":{"line":38,"column":12},"end":{"line":38,"column":48}},{"start":{"line":38,"column":48},"end":{"line":38,"column":null}}],"line":38},"1":{"loc":{"start":{"line":40,"column":13},"end":{"line":40,"column":null}},"type":"binary-expr","locations":[{"start":{"line":40,"column":13},"end":{"line":40,"column":50}},{"start":{"line":40,"column":50},"end":{"line":40,"column":null}}],"line":40},"2":{"loc":{"start":{"line":41,"column":14},"end":{"line":41,"column":null}},"type":"binary-expr","locations":[{"start":{"line":41,"column":14},"end":{"line":41,"column":52}},{"start":{"line":41,"column":52},"end":{"line":41,"column":null}}],"line":41},"3":{"loc":{"start":{"line":42,"column":13},"end":{"line":42,"column":null}},"type":"binary-expr","locations":[{"start":{"line":42,"column":13},"end":{"line":42,"column":52}},{"start":{"line":42,"column":52},"end":{"line":42,"column":null}}],"line":42},"4":{"loc":{"start":{"line":43,"column":15},"end":{"line":43,"column":null}},"type":"binary-expr","locations":[{"start":{"line":43,"column":15},"end":{"line":43,"column":54}},{"start":{"line":43,"column":54},"end":{"line":43,"column":null}}],"line":43},"5":{"loc":{"start":{"line":44,"column":16},"end":{"line":44,"column":null}},"type":"binary-expr","locations":[{"start":{"line":44,"column":16},"end":{"line":44,"column":56}},{"start":{"line":44,"column":56},"end":{"line":44,"column":null}}],"line":44},"6":{"loc":{"start":{"line":45,"column":24},"end":{"line":45,"column":null}},"type":"binary-expr","locations":[{"start":{"line":45,"column":24},"end":{"line":45,"column":72}},{"start":{"line":45,"column":72},"end":{"line":45,"column":null}}],"line":45},"7":{"loc":{"start":{"line":46,"column":13},"end":{"line":46,"column":null}},"type":"binary-expr","locations":[{"start":{"line":46,"column":13},"end":{"line":46,"column":55}},{"start":{"line":46,"column":55},"end":{"line":46,"column":null}}],"line":46},"8":{"loc":{"start":{"line":55,"column":6},"end":{"line":64,"column":null}},"type":"if","locations":[{"start":{"line":55,"column":6},"end":{"line":64,"column":null}},{"start":{},"end":{}}],"line":55},"9":{"loc":{"start":{"line":59,"column":10},"end":{"line":61,"column":null}},"type":"if","locations":[{"start":{"line":59,"column":10},"end":{"line":61,"column":null}},{"start":{},"end":{}}],"line":59},"10":{"loc":{"start":{"line":70,"column":4},"end":{"line":76,"column":null}},"type":"if","locations":[{"start":{"line":70,"column":4},"end":{"line":76,"column":null}},{"start":{},"end":{}}],"line":70},"11":{"loc":{"start":{"line":96,"column":9},"end":{"line":96,"column":null}},"type":"binary-expr","locations":[{"start":{"line":96,"column":9},"end":{"line":96,"column":24}},{"start":{"line":96,"column":24},"end":{"line":96,"column":null}}],"line":96},"12":{"loc":{"start":{"line":105,"column":9},"end":{"line":105,"column":null}},"type":"binary-expr","locations":[{"start":{"line":105,"column":9},"end":{"line":105,"column":23}},{"start":{"line":105,"column":23},"end":{"line":105,"column":null}}],"line":105},"13":{"loc":{"start":{"line":113,"column":9},"end":{"line":113,"column":null}},"type":"binary-expr","locations":[{"start":{"line":113,"column":9},"end":{"line":113,"column":25}},{"start":{"line":113,"column":25},"end":{"line":113,"column":null}}],"line":113},"14":{"loc":{"start":{"line":126,"column":9},"end":{"line":126,"column":null}},"type":"binary-expr","locations":[{"start":{"line":126,"column":9},"end":{"line":126,"column":26}},{"start":{"line":126,"column":26},"end":{"line":126,"column":null}}],"line":126},"15":{"loc":{"start":{"line":134,"column":9},"end":{"line":134,"column":null}},"type":"binary-expr","locations":[{"start":{"line":134,"column":9},"end":{"line":134,"column":25}},{"start":{"line":134,"column":25},"end":{"line":134,"column":null}}],"line":134},"16":{"loc":{"start":{"line":142,"column":9},"end":{"line":142,"column":null}},"type":"binary-expr","locations":[{"start":{"line":142,"column":9},"end":{"line":142,"column":27}},{"start":{"line":142,"column":27},"end":{"line":142,"column":null}}],"line":142},"17":{"loc":{"start":{"line":152,"column":9},"end":{"line":153,"column":null}},"type":"binary-expr","locations":[{"start":{"line":152,"column":9},"end":{"line":152,"column":null}},{"start":{"line":153,"column":10},"end":{"line":153,"column":null}}],"line":152},"18":{"loc":{"start":{"line":162,"column":9},"end":{"line":163,"column":null}},"type":"binary-expr","locations":[{"start":{"line":162,"column":9},"end":{"line":162,"column":null}},{"start":{"line":163,"column":10},"end":{"line":163,"column":null}}],"line":162},"19":{"loc":{"start":{"line":175,"column":9},"end":{"line":175,"column":null}},"type":"binary-expr","locations":[{"start":{"line":175,"column":9},"end":{"line":175,"column":25}},{"start":{"line":175,"column":25},"end":{"line":175,"column":null}}],"line":175}},"s":{"0":11,"1":11,"2":11,"3":11,"4":11,"5":11,"6":11,"7":11,"8":11,"9":11,"10":11,"11":11,"12":11,"13":3,"14":3,"15":3,"16":3,"17":0,"18":0,"19":0,"20":3,"21":3,"22":3,"23":33,"24":33,"25":3,"26":11,"27":0,"28":0,"29":0,"30":0,"31":0,"32":0,"33":11,"34":33,"35":0},"f":{"0":11,"1":3,"2":33,"3":0,"4":33,"5":0},"b":{"0":[3,3],"1":[3,3],"2":[3,0],"3":[3,3],"4":[3,3],"5":[3,3],"6":[3,3],"7":[3,3],"8":[3,0],"9":[33,0],"10":[0,0],"11":[11,3],"12":[11,3],"13":[11,3],"14":[11,0],"15":[11,0],"16":[11,3],"17":[11,3],"18":[11,3],"19":[11,3]},"meta":{"lastBranch":20,"lastFunction":6,"lastStatement":36,"seen":{"f:19:9:19:26":0,"s:20:17:20:Infinity":0,"s:21:24:21:Infinity":1,"s:22:8:22:Infinity":2,"s:23:8:23:Infinity":3,"s:24:8:24:Infinity":4,"s:25:8:25:Infinity":5,"s:26:8:26:Infinity":6,"s:27:8:27:Infinity":7,"s:28:8:28:Infinity":8,"s:29:8:29:Infinity":9,"s:30:8:30:Infinity":10,"s:32:8:32:Infinity":11,"s:34:23:66:Infinity":12,"f:34:23:34:30":1,"s:35:4:35:Infinity":13,"s:37:28:47:Infinity":14,"b:38:12:38:48:38:48:38:Infinity":0,"b:40:13:40:50:40:50:40:Infinity":1,"b:41:14:41:52:41:52:41:Infinity":2,"b:42:13:42:52:42:52:42:Infinity":3,"b:43:15:43:54:43:54:43:Infinity":4,"b:44:16:44:56:44:56:44:Infinity":5,"b:45:24:45:72:45:72:45:Infinity":6,"b:46:13:46:55:46:55:46:Infinity":7,"s:49:4:65:Infinity":15,"s:50:6:50:Infinity":16,"s:51:6:51:Infinity":17,"s:52:6:52:Infinity":18,"s:53:6:53:Infinity":19,"b:55:6:64:Infinity:undefined:undefined:undefined:undefined":8,"s:55:6:64:Infinity":20,"s:56:56:56:Infinity":21,"s:58:8:62:Infinity":22,"f:58:20:58:29":2,"b:59:10:61:Infinity:undefined:undefined:undefined:undefined":9,"s:59:10:61:Infinity":23,"s:60:12:60:Infinity":24,"s:63:8:63:Infinity":25,"s:68:23:83:Infinity":26,"f:68:23:68:30":3,"s:69:17:69:Infinity":27,"b:70:4:76:Infinity:undefined:undefined:undefined:undefined":10,"s:70:4:76:Infinity":28,"s:71:6:75:Infinity":29,"s:72:8:72:Infinity":30,"s:74:8:74:Infinity":31,"s:77:4:82:Infinity":32,"s:85:2:178:Infinity":33,"b:96:9:96:24:96:24:96:Infinity":11,"b:105:9:105:23:105:23:105:Infinity":12,"b:113:9:113:25:113:25:113:Infinity":13,"f:120:35:120:40":4,"s:121:12:123:Infinity":34,"b:126:9:126:26:126:26:126:Infinity":14,"b:134:9:134:25:134:25:134:Infinity":15,"b:142:9:142:27:142:27:142:Infinity":16,"f:149:10:149:21":5,"s:149:27:149:Infinity":35,"b:152:9:152:Infinity:153:10:153:Infinity":17,"b:162:9:162:Infinity:163:10:163:Infinity":18,"b:175:9:175:25:175:25:175:Infinity":19}}}
,"/home/artem/Desktop/ya/rs-react/react/src/components/password-strength/password-strength.tsx": {"path":"/home/artem/Desktop/ya/rs-react/react/src/components/password-strength/password-strength.tsx","statementMap":{"0":{"start":{"line":5,"column":17},"end":{"line":10,"column":null}},"1":{"start":{"line":13,"column":2},"end":{"line":13,"column":null}},"2":{"start":{"line":13,"column":17},"end":{"line":13,"column":null}},"3":{"start":{"line":14,"column":2},"end":{"line":24,"column":null}},"4":{"start":{"line":17,"column":20},"end":{"line":17,"column":null}},"5":{"start":{"line":18,"column":8},"end":{"line":21,"column":null}}},"fnMap":{"0":{"name":"PasswordStrength","decl":{"start":{"line":12,"column":9},"end":{"line":12,"column":26}},"loc":{"start":{"line":12,"column":47},"end":{"line":26,"column":null}},"line":12},"1":{"name":"(anonymous_1)","decl":{"start":{"line":16,"column":16},"end":{"line":16,"column":21}},"loc":{"start":{"line":16,"column":41},"end":{"line":23,"column":7}},"line":16}},"branchMap":{"0":{"loc":{"start":{"line":13,"column":2},"end":{"line":13,"column":null}},"type":"if","locations":[{"start":{"line":13,"column":2},"end":{"line":13,"column":null}},{"start":{},"end":{}}],"line":13},"1":{"loc":{"start":{"line":19,"column":37},"end":{"line":19,"column":null}},"type":"cond-expr","locations":[{"start":{"line":19,"column":43},"end":{"line":19,"column":51}},{"start":{"line":19,"column":51},"end":{"line":19,"column":null}}],"line":19},"2":{"loc":{"start":{"line":20,"column":13},"end":{"line":20,"column":29}},"type":"cond-expr","locations":[{"start":{"line":20,"column":19},"end":{"line":20,"column":25}},{"start":{"line":20,"column":25},"end":{"line":20,"column":29}}],"line":20}},"s":{"0":4,"1":27,"2":24,"3":3,"4":12,"5":12},"f":{"0":27,"1":12},"b":{"0":[24,3],"1":[9,3],"2":[9,3]},"meta":{"lastBranch":3,"lastFunction":2,"lastStatement":6,"seen":{"s:5:17:10:Infinity":0,"f:12:9:12:26":0,"b:13:2:13:Infinity:undefined:undefined:undefined:undefined":0,"s:13:2:13:Infinity":1,"s:13:17:13:Infinity":2,"s:14:2:24:Infinity":3,"f:16:16:16:21":1,"s:17:20:17:Infinity":4,"s:18:8:21:Infinity":5,"b:19:43:19:51:19:51:19:Infinity":1,"b:20:19:20:25:20:25:20:29":2}}}
,"/home/artem/Desktop/ya/rs-react/react/src/helpers/image-to-base64.ts": {"path":"/home/artem/Desktop/ya/rs-react/react/src/helpers/image-to-base64.ts","statementMap":{"0":{"start":{"line":1,"column":35},"end":{"line":1,"column":null}},"1":{"start":{"line":4,"column":2},"end":{"line":6,"column":null}},"2":{"start":{"line":5,"column":4},"end":{"line":5,"column":null}},"3":{"start":{"line":8,"column":2},"end":{"line":13,"column":null}},"4":{"start":{"line":9,"column":19},"end":{"line":9,"column":null}},"5":{"start":{"line":10,"column":4},"end":{"line":10,"column":null}},"6":{"start":{"line":10,"column":26},"end":{"line":10,"column":null}},"7":{"start":{"line":11,"column":4},"end":{"line":11,"column":null}},"8":{"start":{"line":11,"column":27},"end":{"line":11,"column":null}},"9":{"start":{"line":12,"column":4},"end":{"line":12,"column":null}}},"fnMap":{"0":{"name":"imageToBase64","decl":{"start":{"line":3,"column":16},"end":{"line":3,"column":30}},"loc":{"start":{"line":3,"column":59},"end":{"line":14,"column":null}},"line":3},"1":{"name":"(anonymous_1)","decl":{"start":{"line":8,"column":13},"end":{"line":8,"column":22}},"loc":{"start":{"line":8,"column":42},"end":{"line":13,"column":3}},"line":8},"2":{"name":"(anonymous_2)","decl":{"start":{"line":10,"column":11},"end":{"line":10,"column":26}},"loc":{"start":{"line":10,"column":26},"end":{"line":10,"column":null}},"line":10},"3":{"name":"(anonymous_3)","decl":{"start":{"line":11,"column":11},"end":{"line":11,"column":27}},"loc":{"start":{"line":11,"column":27},"end":{"line":11,"column":null}},"line":11}},"branchMap":{"0":{"loc":{"start":{"line":4,"column":2},"end":{"line":6,"column":null}},"type":"if","locations":[{"start":{"line":4,"column":2},"end":{"line":6,"column":null}},{"start":{},"end":{}}],"line":4}},"s":{"0":5,"1":3,"2":1,"3":2,"4":2,"5":2,"6":2,"7":2,"8":0,"9":2},"f":{"0":3,"1":2,"2":2,"3":0},"b":{"0":[1,2]},"meta":{"lastBranch":1,"lastFunction":4,"lastStatement":10,"seen":{"s:1:35:1:Infinity":0,"f:3:16:3:30":0,"b:4:2:6:Infinity:undefined:undefined:undefined:undefined":0,"s:4:2:6:Infinity":1,"s:5:4:5:Infinity":2,"s:8:2:13:Infinity":3,"f:8:13:8:22":1,"s:9:19:9:Infinity":4,"s:10:4:10:Infinity":5,"f:10:11:10:26":2,"s:10:26:10:Infinity":6,"s:11:4:11:Infinity":7,"f:11:11:11:27":3,"s:11:27:11:Infinity":8,"s:12:4:12:Infinity":9}}}
,"/home/artem/Desktop/ya/rs-react/react/src/hooks/escClick.tsx": {"path":"/home/artem/Desktop/ya/rs-react/react/src/hooks/escClick.tsx","statementMap":{"0":{"start":{"line":4,"column":21},"end":{"line":4,"column":null}},"1":{"start":{"line":5,"column":23},"end":{"line":5,"column":null}},"2":{"start":{"line":7,"column":13},"end":{"line":24,"column":null}},"3":{"start":{"line":11,"column":8},"end":{"line":18,"column":null}},"4":{"start":{"line":13,"column":6},"end":{"line":15,"column":null}},"5":{"start":{"line":14,"column":8},"end":{"line":14,"column":null}},"6":{"start":{"line":20,"column":2},"end":{"line":23,"column":null}},"7":{"start":{"line":21,"column":4},"end":{"line":21,"column":null}},"8":{"start":{"line":22,"column":4},"end":{"line":22,"column":null}},"9":{"start":{"line":22,"column":17},"end":{"line":22,"column":null}}},"fnMap":{"0":{"name":"(anonymous_0)","decl":{"start":{"line":7,"column":13},"end":{"line":7,"column":null}},"loc":{"start":{"line":10,"column":5},"end":{"line":24,"column":null}},"line":10},"1":{"name":"(anonymous_1)","decl":{"start":{"line":11,"column":22},"end":{"line":11,"column":null}},"loc":{"start":{"line":12,"column":30},"end":{"line":16,"column":null}},"line":12},"2":{"name":"(anonymous_2)","decl":{"start":{"line":20,"column":2},"end":{"line":20,"column":18}},"loc":{"start":{"line":20,"column":18},"end":{"line":23,"column":5}},"line":20},"3":{"name":"(anonymous_3)","decl":{"start":{"line":22,"column":4},"end":{"line":22,"column":17}},"loc":{"start":{"line":22,"column":17},"end":{"line":22,"column":null}},"line":22}},"branchMap":{"0":{"loc":{"start":{"line":13,"column":6},"end":{"line":15,"column":null}},"type":"if","locations":[{"start":{"line":13,"column":6},"end":{"line":15,"column":null}},{"start":{},"end":{}}],"line":13},"1":{"loc":{"start":{"line":13,"column":10},"end":{"line":13,"column":54}},"type":"binary-expr","locations":[{"start":{"line":13,"column":10},"end":{"line":13,"column":40}},{"start":{"line":13,"column":40},"end":{"line":13,"column":54}}],"line":13}},"s":{"0":2,"1":2,"2":2,"3":6,"4":3,"5":1,"6":6,"7":6,"8":6,"9":6},"f":{"0":6,"1":3,"2":6,"3":6},"b":{"0":[1,2],"1":[3,1]},"meta":{"lastBranch":2,"lastFunction":4,"lastStatement":10,"seen":{"s:4:21:4:Infinity":0,"s:5:23:5:Infinity":1,"s:7:13:24:Infinity":2,"f:7:13:7:Infinity":0,"s:11:8:18:Infinity":3,"f:11:22:11:Infinity":1,"b:13:6:15:Infinity:undefined:undefined:undefined:undefined":0,"s:13:6:15:Infinity":4,"b:13:10:13:40:13:40:13:54":1,"s:14:8:14:Infinity":5,"s:20:2:23:Infinity":6,"f:20:2:20:18":2,"s:21:4:21:Infinity":7,"s:22:4:22:Infinity":8,"f:22:4:22:17":3,"s:22:17:22:Infinity":9}}}
,"/home/artem/Desktop/ya/rs-react/react/src/hooks/outsideclic.l.tsx": {"path":"/home/artem/Desktop/ya/rs-react/react/src/hooks/outsideclic.l.tsx","statementMap":{"0":{"start":{"line":4,"column":17},"end":{"line":4,"column":null}},"1":{"start":{"line":6,"column":13},"end":{"line":26,"column":null}},"2":{"start":{"line":10,"column":8},"end":{"line":20,"column":null}},"3":{"start":{"line":12,"column":6},"end":{"line":17,"column":null}},"4":{"start":{"line":16,"column":8},"end":{"line":16,"column":null}},"5":{"start":{"line":22,"column":2},"end":{"line":25,"column":null}},"6":{"start":{"line":23,"column":4},"end":{"line":23,"column":null}},"7":{"start":{"line":24,"column":4},"end":{"line":24,"column":null}},"8":{"start":{"line":24,"column":17},"end":{"line":24,"column":null}}},"fnMap":{"0":{"name":"(anonymous_0)","decl":{"start":{"line":6,"column":13},"end":{"line":6,"column":null}},"loc":{"start":{"line":9,"column":5},"end":{"line":26,"column":null}},"line":9},"1":{"name":"(anonymous_1)","decl":{"start":{"line":10,"column":22},"end":{"line":10,"column":null}},"loc":{"start":{"line":11,"column":27},"end":{"line":18,"column":null}},"line":11},"2":{"name":"(anonymous_2)","decl":{"start":{"line":22,"column":2},"end":{"line":22,"column":18}},"loc":{"start":{"line":22,"column":18},"end":{"line":25,"column":5}},"line":22},"3":{"name":"(anonymous_3)","decl":{"start":{"line":24,"column":4},"end":{"line":24,"column":17}},"loc":{"start":{"line":24,"column":17},"end":{"line":24,"column":null}},"line":24}},"branchMap":{"0":{"loc":{"start":{"line":12,"column":6},"end":{"line":17,"column":null}},"type":"if","locations":[{"start":{"line":12,"column":6},"end":{"line":17,"column":null}},{"start":{},"end":{}}],"line":12},"1":{"loc":{"start":{"line":13,"column":8},"end":{"line":14,"column":null}},"type":"binary-expr","locations":[{"start":{"line":13,"column":8},"end":{"line":13,"column":null}},{"start":{"line":14,"column":8},"end":{"line":14,"column":null}}],"line":13}},"s":{"0":2,"1":2,"2":6,"3":2,"4":1,"5":6,"6":6,"7":6,"8":6},"f":{"0":6,"1":2,"2":6,"3":6},"b":{"0":[1,1],"1":[2,2]},"meta":{"lastBranch":2,"lastFunction":4,"lastStatement":9,"seen":{"s:4:17:4:Infinity":0,"s:6:13:26:Infinity":1,"f:6:13:6:Infinity":0,"s:10:8:20:Infinity":2,"f:10:22:10:Infinity":1,"b:12:6:17:Infinity:undefined:undefined:undefined:undefined":0,"s:12:6:17:Infinity":3,"b:13:8:13:Infinity:14:8:14:Infinity":1,"s:16:8:16:Infinity":4,"s:22:2:25:Infinity":5,"f:22:2:22:18":2,"s:23:4:23:Infinity":6,"s:24:4:24:Infinity":7,"f:24:4:24:17":3,"s:24:17:24:Infinity":8}}}
,"/home/artem/Desktop/ya/rs-react/react/src/models/common.ts": {"path":"/home/artem/Desktop/ya/rs-react/react/src/models/common.ts","statementMap":{"0":{"start":{"line":21,"column":7},"end":{"line":24,"column":null}},"1":{"start":{"line":22,"column":2},"end":{"line":22,"column":null}},"2":{"start":{"line":23,"column":2},"end":{"line":23,"column":null}},"3":{"start":{"line":28,"column":7},"end":{"line":32,"column":null}},"4":{"start":{"line":29,"column":2},"end":{"line":29,"column":null}},"5":{"start":{"line":30,"column":2},"end":{"line":30,"column":null}},"6":{"start":{"line":31,"column":2},"end":{"line":31,"column":null}}},"fnMap":{"0":{"name":"(anonymous_0)","decl":{"start":{"line":21,"column":7},"end":{"line":21,"column":12}},"loc":{"start":{"line":21,"column":7},"end":{"line":24,"column":null}},"line":21},"1":{"name":"(anonymous_1)","decl":{"start":{"line":28,"column":7},"end":{"line":28,"column":12}},"loc":{"start":{"line":28,"column":7},"end":{"line":32,"column":null}},"line":28}},"branchMap":{},"s":{"0":3,"1":3,"2":3,"3":3,"4":3,"5":3,"6":3},"f":{"0":3,"1":3},"b":{},"meta":{"lastBranch":0,"lastFunction":2,"lastStatement":7,"seen":{"s:21:7:24:Infinity":0,"f:21:7:21:12":0,"s:22:2:22:Infinity":1,"s:23:2:23:Infinity":2,"s:28:7:32:Infinity":3,"f:28:7:28:12":1,"s:29:2:29:Infinity":4,"s:30:2:30:Infinity":5,"s:31:2:31:Infinity":6}}}
,"/home/artem/Desktop/ya/rs-react/react/src/store/countries-slice.ts": {"path":"/home/artem/Desktop/ya/rs-react/react/src/store/countries-slice.ts","statementMap":{"0":{"start":{"line":8,"column":30},"end":{"line":16,"column":null}},"1":{"start":{"line":18,"column":37},"end":{"line":20,"column":null}},"2":{"start":{"line":22,"column":6},"end":{"line":26,"column":null}},"3":{"start":{"line":28,"column":13},"end":{"line":28,"column":null}},"4":{"start":{"line":28,"column":55},"end":{"line":28,"column":null}}},"fnMap":{"0":{"name":"(anonymous_0)","decl":{"start":{"line":28,"column":13},"end":{"line":28,"column":34}},"loc":{"start":{"line":28,"column":55},"end":{"line":28,"column":null}},"line":28}},"branchMap":{},"s":{"0":9,"1":9,"2":9,"3":9,"4":41},"f":{"0":41},"b":{},"meta":{"lastBranch":0,"lastFunction":1,"lastStatement":5,"seen":{"s:8:30:16:Infinity":0,"s:18:37:20:Infinity":1,"s:22:6:26:Infinity":2,"s:28:13:28:Infinity":3,"f:28:13:28:34":0,"s:28:55:28:Infinity":4}}}
,"/home/artem/Desktop/ya/rs-react/react/src/store/hooks.ts": {"path":"/home/artem/Desktop/ya/rs-react/react/src/store/hooks.ts","statementMap":{"0":{"start":{"line":4,"column":30},"end":{"line":4,"column":null}},"1":{"start":{"line":5,"column":30},"end":{"line":5,"column":null}}},"fnMap":{},"branchMap":{},"s":{"0":5,"1":5},"f":{},"b":{},"meta":{"lastBranch":0,"lastFunction":0,"lastStatement":2,"seen":{"s:4:30:4:Infinity":0,"s:5:30:5:Infinity":1}}}
,"/home/artem/Desktop/ya/rs-react/react/src/store/store.ts": {"path":"/home/artem/Desktop/ya/rs-react/react/src/store/store.ts","statementMap":{"0":{"start":{"line":5,"column":6},"end":{"line":12,"column":null}},"1":{"start":{"line":14,"column":21},"end":{"line":14,"column":null}}},"fnMap":{"0":{"name":"(anonymous_0)","decl":{"start":{"line":5,"column":6},"end":{"line":5,"column":null}},"loc":{"start":{"line":5,"column":6},"end":{"line":12,"column":null}},"line":5}},"branchMap":{},"s":{"0":0,"1":0},"f":{"0":0},"b":{},"meta":{"lastBranch":0,"lastFunction":1,"lastStatement":2,"seen":{"s:5:6:12:Infinity":0,"f:5:6:5:Infinity":0,"s:14:21:14:Infinity":1}}}
,"/home/artem/Desktop/ya/rs-react/react/src/store/submitted-form-slice.ts": {"path":"/home/artem/Desktop/ya/rs-react/react/src/store/submitted-form-slice.ts","statementMap":{"0":{"start":{"line":10,"column":42},"end":{"line":13,"column":null}},"1":{"start":{"line":15,"column":6},"end":{"line":24,"column":null}},"2":{"start":{"line":20,"column":6},"end":{"line":20,"column":null}},"3":{"start":{"line":21,"column":6},"end":{"line":21,"column":null}},"4":{"start":{"line":26,"column":36},"end":{"line":26,"column":null}},"5":{"start":{"line":28,"column":13},"end":{"line":29,"column":null}},"6":{"start":{"line":29,"column":2},"end":{"line":29,"column":null}},"7":{"start":{"line":31,"column":13},"end":{"line":32,"column":null}},"8":{"start":{"line":32,"column":2},"end":{"line":32,"column":null}}},"fnMap":{"0":{"name":"(anonymous_0)","decl":{"start":{"line":19,"column":4},"end":{"line":19,"column":23}},"loc":{"start":{"line":19,"column":72},"end":{"line":22,"column":null}},"line":19},"1":{"name":"(anonymous_1)","decl":{"start":{"line":28,"column":13},"end":{"line":28,"column":39}},"loc":{"start":{"line":29,"column":2},"end":{"line":29,"column":null}},"line":29},"2":{"name":"(anonymous_2)","decl":{"start":{"line":31,"column":13},"end":{"line":31,"column":33}},"loc":{"start":{"line":32,"column":2},"end":{"line":32,"column":null}},"line":32}},"branchMap":{},"s":{"0":8,"1":8,"2":7,"3":7,"4":8,"5":8,"6":11,"7":8,"8":10},"f":{"0":7,"1":11,"2":10},"b":{},"meta":{"lastBranch":0,"lastFunction":3,"lastStatement":9,"seen":{"s:10:42:13:Infinity":0,"s:15:6:24:Infinity":1,"f:19:4:19:23":0,"s:20:6:20:Infinity":2,"s:21:6:21:Infinity":3,"s:26:36:26:Infinity":4,"s:28:13:29:Infinity":5,"f:28:13:28:39":1,"s:29:2:29:Infinity":6,"s:31:13:32:Infinity":7,"f:31:13:31:33":2,"s:32:2:32:Infinity":8}}}
}
