{"/home/artem/Desktop/ya/rs-react/react/src/App.tsx": {"path":"/home/artem/Desktop/ya/rs-react/react/src/App.tsx","statementMap":{"0":{"start":{"line":5,"column":6},"end":{"line":13,"column":null}},"1":{"start":{"line":6,"column":2},"end":{"line":13,"column":null}}},"fnMap":{"0":{"name":"(anonymous_0)","decl":{"start":{"line":5,"column":6},"end":{"line":5,"column":18}},"loc":{"start":{"line":5,"column":18},"end":{"line":13,"column":null}},"line":5}},"branchMap":{},"s":{"0":1,"1":4},"f":{"0":4},"b":{},"meta":{"lastBranch":0,"lastFunction":1,"lastStatement":2,"seen":{"s:5:6:13:Infinity":0,"f:5:6:5:18":0,"s:6:2:13:Infinity":1}}}
,"/home/artem/Desktop/ya/rs-react/react/src/main.tsx": {"path":"/home/artem/Desktop/ya/rs-react/react/src/main.tsx","statementMap":{"0":{"start":{"line":10,"column":0},"end":{"line":18,"column":null}}},"fnMap":{},"branchMap":{},"s":{"0":1},"f":{},"b":{},"meta":{"lastBranch":0,"lastFunction":0,"lastStatement":1,"seen":{"s:10:0:18:Infinity":0}}}
,"/home/artem/Desktop/ya/rs-react/react/src/features/main-page/details-panel/details-panel.tsx": {"path":"/home/artem/Desktop/ya/rs-react/react/src/features/main-page/details-panel/details-panel.tsx","statementMap":{"0":{"start":{"line":9,"column":13},"end":{"line":84,"column":null}},"1":{"start":{"line":10,"column":10},"end":{"line":10,"column":30}},"2":{"start":{"line":11,"column":9},"end":{"line":11,"column":42}},"3":{"start":{"line":12,"column":8},"end":{"line":12,"column":32}},"4":{"start":{"line":14,"column":18},"end":{"line":14,"column":69}},"5":{"start":{"line":15,"column":16},"end":{"line":15,"column":40}},"6":{"start":{"line":16,"column":18},"end":{"line":16,"column":47}},"7":{"start":{"line":17,"column":10},"end":{"line":17,"column":54}},"8":{"start":{"line":19,"column":2},"end":{"line":40,"column":null}},"9":{"start":{"line":20,"column":25},"end":{"line":36,"column":null}},"10":{"start":{"line":21,"column":6},"end":{"line":22,"column":null}},"11":{"start":{"line":22,"column":8},"end":{"line":22,"column":null}},"12":{"start":{"line":24,"column":6},"end":{"line":24,"column":null}},"13":{"start":{"line":25,"column":6},"end":{"line":25,"column":null}},"14":{"start":{"line":26,"column":6},"end":{"line":36,"column":null}},"15":{"start":{"line":27,"column":25},"end":{"line":28,"column":null}},"16":{"start":{"line":30,"column":8},"end":{"line":30,"column":null}},"17":{"start":{"line":32,"column":8},"end":{"line":34,"column":null}},"18":{"start":{"line":36,"column":8},"end":{"line":36,"column":null}},"19":{"start":{"line":39,"column":4},"end":{"line":39,"column":null}},"20":{"start":{"line":42,"column":8},"end":{"line":49,"column":15}},"21":{"start":{"line":43,"column":4},"end":{"line":47,"column":null}},"22":{"start":{"line":51,"column":8},"end":{"line":52,"column":null}},"23":{"start":{"line":52,"column":4},"end":{"line":52,"column":null}},"24":{"start":{"line":55,"column":2},"end":{"line":84,"column":null}},"25":{"start":{"line":80,"column":49},"end":{"line":80,"column":64}}},"fnMap":{"0":{"name":"(anonymous_0)","decl":{"start":{"line":9,"column":13},"end":{"line":9,"column":34}},"loc":{"start":{"line":9,"column":34},"end":{"line":84,"column":null}},"line":9},"1":{"name":"(anonymous_1)","decl":{"start":{"line":19,"column":2},"end":{"line":19,"column":18}},"loc":{"start":{"line":19,"column":18},"end":{"line":40,"column":6}},"line":19},"2":{"name":"(anonymous_2)","decl":{"start":{"line":20,"column":25},"end":{"line":20,"column":37}},"loc":{"start":{"line":20,"column":37},"end":{"line":36,"column":null}},"line":20},"3":{"name":"(anonymous_3)","decl":{"start":{"line":42,"column":29},"end":{"line":42,"column":47}},"loc":{"start":{"line":42,"column":47},"end":{"line":49,"column":6}},"line":42},"4":{"name":"(anonymous_4)","decl":{"start":{"line":51,"column":8},"end":{"line":51,"column":28}},"loc":{"start":{"line":51,"column":28},"end":{"line":52,"column":null}},"line":51},"5":{"name":"(anonymous_5)","decl":{"start":{"line":80,"column":35},"end":{"line":80,"column":40}},"loc":{"start":{"line":80,"column":49},"end":{"line":80,"column":64}},"line":80}},"branchMap":{"0":{"loc":{"start":{"line":21,"column":6},"end":{"line":22,"column":null}},"type":"if","locations":[{"start":{"line":21,"column":6},"end":{"line":22,"column":null}},{"start":{},"end":{}}],"line":21},"1":{"loc":{"start":{"line":33,"column":10},"end":{"line":33,"column":null}},"type":"cond-expr","locations":[{"start":{"line":33,"column":35},"end":{"line":33,"column":51}},{"start":{"line":33,"column":51},"end":{"line":33,"column":null}}],"line":33},"2":{"loc":{"start":{"line":44,"column":6},"end":{"line":47,"column":null}},"type":"binary-expr","locations":[{"start":{"line":44,"column":6},"end":{"line":44,"column":null}},{"start":{"line":45,"column":6},"end":{"line":45,"column":null}},{"start":{"line":46,"column":6},"end":{"line":46,"column":null}},{"start":{"line":47,"column":6},"end":{"line":47,"column":null}}],"line":44},"3":{"loc":{"start":{"line":57,"column":34},"end":{"line":57,"column":75}},"type":"cond-expr","locations":[{"start":{"line":57,"column":48},"end":{"line":57,"column":72}},{"start":{"line":57,"column":72},"end":{"line":57,"column":75}}],"line":57},"4":{"loc":{"start":{"line":63,"column":7},"end":{"line":84,"column":null}},"type":"cond-expr","locations":[{"start":{"line":64,"column":8},"end":{"line":68,"column":null}},{"start":{"line":68,"column":10},"end":{"line":84,"column":null}}],"line":63},"5":{"loc":{"start":{"line":68,"column":10},"end":{"line":84,"column":null}},"type":"cond-expr","locations":[{"start":{"line":69,"column":8},"end":{"line":70,"column":null}},{"start":{"line":70,"column":10},"end":{"line":84,"column":null}}],"line":68},"6":{"loc":{"start":{"line":70,"column":10},"end":{"line":84,"column":null}},"type":"cond-expr","locations":[{"start":{"line":71,"column":8},"end":{"line":84,"column":9}},{"start":{"line":84,"column":8},"end":{"line":84,"column":null}}],"line":70},"7":{"loc":{"start":{"line":80,"column":14},"end":{"line":80,"column":33}},"type":"binary-expr","locations":[{"start":{"line":80,"column":14},"end":{"line":80,"column":31}},{"start":{"line":80,"column":31},"end":{"line":80,"column":33}}],"line":80}},"s":{"0":1,"1":10,"2":10,"3":10,"4":10,"5":10,"6":10,"7":10,"8":10,"9":4,"10":4,"11":1,"12":3,"13":3,"14":3,"15":3,"16":2,"17":1,"18":3,"19":4,"20":10,"21":2,"22":10,"23":1,"24":10,"25":2},"f":{"0":10,"1":4,"2":4,"3":2,"4":1,"5":2},"b":{"0":[1,3],"1":[1,0],"2":[2,0,0,0],"3":[0,10],"4":[3,7],"5":[1,6],"6":[2,4],"7":[2,0]},"meta":{"lastBranch":8,"lastFunction":6,"lastStatement":26,"seen":{"s:9:13:84:Infinity":0,"f:9:13:9:34":0,"s:10:10:10:30":1,"s:11:9:11:42":2,"s:12:8:12:32":3,"s:14:18:14:69":4,"s:15:16:15:40":5,"s:16:18:16:47":6,"s:17:10:17:54":7,"s:19:2:40:Infinity":8,"f:19:2:19:18":1,"s:20:25:36:Infinity":9,"f:20:25:20:37":2,"b:21:6:22:Infinity:undefined:undefined:undefined:undefined":0,"s:21:6:22:Infinity":10,"s:22:8:22:Infinity":11,"s:24:6:24:Infinity":12,"s:25:6:25:Infinity":13,"s:26:6:36:Infinity":14,"s:27:25:28:Infinity":15,"s:30:8:30:Infinity":16,"s:32:8:34:Infinity":17,"b:33:35:33:51:33:51:33:Infinity":1,"s:36:8:36:Infinity":18,"s:39:4:39:Infinity":19,"s:42:8:49:15":20,"f:42:29:42:47":3,"s:43:4:47:Infinity":21,"b:44:6:44:Infinity:45:6:45:Infinity:46:6:46:Infinity:47:6:47:Infinity":2,"s:51:8:52:Infinity":22,"f:51:8:51:28":4,"s:52:4:52:Infinity":23,"s:55:2:84:Infinity":24,"b:57:48:57:72:57:72:57:75":3,"b:64:8:68:Infinity:68:10:84:Infinity":4,"b:69:8:70:Infinity:70:10:84:Infinity":5,"b:71:8:84:9:84:8:84:Infinity":6,"b:80:14:80:31:80:31:80:33":7,"f:80:35:80:40":5,"s:80:49:80:64":25}}}
,"/home/artem/Desktop/ya/rs-react/react/src/features/main-page/pokemon-list-card/pokemon-list-card.tsx": {"path":"/home/artem/Desktop/ya/rs-react/react/src/features/main-page/pokemon-list-card/pokemon-list-card.tsx","statementMap":{"0":{"start":{"line":23,"column":13},"end":{"line":118,"column":null}},"1":{"start":{"line":24,"column":22},"end":{"line":24,"column":null}},"2":{"start":{"line":26,"column":18},"end":{"line":26,"column":55}},"3":{"start":{"line":27,"column":16},"end":{"line":27,"column":48}},"4":{"start":{"line":28,"column":18},"end":{"line":28,"column":69}},"5":{"start":{"line":30,"column":8},"end":{"line":30,"column":32}},"6":{"start":{"line":31,"column":9},"end":{"line":31,"column":42}},"7":{"start":{"line":32,"column":10},"end":{"line":32,"column":54}},"8":{"start":{"line":33,"column":8},"end":{"line":33,"column":35}},"9":{"start":{"line":34,"column":8},"end":{"line":34,"column":67}},"10":{"start":{"line":36,"column":28},"end":{"line":37,"column":null}},"11":{"start":{"line":37,"column":17},"end":{"line":37,"column":null}},"12":{"start":{"line":40,"column":8},"end":{"line":49,"column":23}},"13":{"start":{"line":41,"column":4},"end":{"line":47,"column":null}},"14":{"start":{"line":42,"column":22},"end":{"line":42,"column":77}},"15":{"start":{"line":43,"column":6},"end":{"line":43,"column":null}},"16":{"start":{"line":45,"column":6},"end":{"line":45,"column":null}},"17":{"start":{"line":47,"column":6},"end":{"line":47,"column":null}},"18":{"start":{"line":51,"column":2},"end":{"line":56,"column":null}},"19":{"start":{"line":52,"column":22},"end":{"line":53,"column":null}},"20":{"start":{"line":53,"column":6},"end":{"line":53,"column":null}},"21":{"start":{"line":55,"column":4},"end":{"line":55,"column":null}},"22":{"start":{"line":58,"column":8},"end":{"line":62,"column":null}},"23":{"start":{"line":59,"column":4},"end":{"line":60,"column":null}},"24":{"start":{"line":60,"column":6},"end":{"line":60,"column":null}},"25":{"start":{"line":62,"column":4},"end":{"line":62,"column":null}},"26":{"start":{"line":65,"column":8},"end":{"line":66,"column":null}},"27":{"start":{"line":66,"column":4},"end":{"line":66,"column":null}},"28":{"start":{"line":69,"column":8},"end":{"line":76,"column":15}},"29":{"start":{"line":70,"column":4},"end":{"line":74,"column":null}},"30":{"start":{"line":78,"column":8},"end":{"line":80,"column":35}},"31":{"start":{"line":79,"column":4},"end":{"line":79,"column":null}},"32":{"start":{"line":82,"column":4},"end":{"line":84,"column":null}},"33":{"start":{"line":83,"column":37},"end":{"line":83,"column":52}},"34":{"start":{"line":85,"column":22},"end":{"line":87,"column":null}},"35":{"start":{"line":89,"column":2},"end":{"line":118,"column":null}},"36":{"start":{"line":97,"column":26},"end":{"line":97,"column":45}}},"fnMap":{"0":{"name":"(anonymous_0)","decl":{"start":{"line":23,"column":13},"end":{"line":23,"column":32}},"loc":{"start":{"line":23,"column":74},"end":{"line":118,"column":null}},"line":23},"1":{"name":"(anonymous_1)","decl":{"start":{"line":36,"column":45},"end":{"line":36,"column":null}},"loc":{"start":{"line":37,"column":17},"end":{"line":37,"column":null}},"line":37},"2":{"name":"(anonymous_2)","decl":{"start":{"line":40,"column":42},"end":{"line":40,"column":69}},"loc":{"start":{"line":40,"column":69},"end":{"line":49,"column":6}},"line":40},"3":{"name":"(anonymous_3)","decl":{"start":{"line":51,"column":2},"end":{"line":51,"column":18}},"loc":{"start":{"line":51,"column":18},"end":{"line":56,"column":6}},"line":51},"4":{"name":"(anonymous_4)","decl":{"start":{"line":52,"column":22},"end":{"line":52,"column":34}},"loc":{"start":{"line":52,"column":34},"end":{"line":53,"column":null}},"line":52},"5":{"name":"(anonymous_5)","decl":{"start":{"line":58,"column":8},"end":{"line":58,"column":38}},"loc":{"start":{"line":58,"column":38},"end":{"line":62,"column":null}},"line":58},"6":{"name":"(anonymous_6)","decl":{"start":{"line":65,"column":8},"end":{"line":65,"column":42}},"loc":{"start":{"line":65,"column":42},"end":{"line":66,"column":null}},"line":65},"7":{"name":"(anonymous_7)","decl":{"start":{"line":69,"column":29},"end":{"line":69,"column":47}},"loc":{"start":{"line":69,"column":47},"end":{"line":76,"column":6}},"line":69},"8":{"name":"(anonymous_8)","decl":{"start":{"line":78,"column":19},"end":{"line":78,"column":33}},"loc":{"start":{"line":78,"column":33},"end":{"line":80,"column":6}},"line":78},"9":{"name":"(anonymous_9)","decl":{"start":{"line":83,"column":23},"end":{"line":83,"column":28}},"loc":{"start":{"line":83,"column":37},"end":{"line":83,"column":52}},"line":83},"10":{"name":"(anonymous_10)","decl":{"start":{"line":97,"column":10},"end":{"line":97,"column":20}},"loc":{"start":{"line":97,"column":26},"end":{"line":97,"column":45}},"line":97}},"branchMap":{"0":{"loc":{"start":{"line":45,"column":15},"end":{"line":45,"column":72}},"type":"cond-expr","locations":[{"start":{"line":45,"column":40},"end":{"line":45,"column":56}},{"start":{"line":45,"column":56},"end":{"line":45,"column":72}}],"line":45},"1":{"loc":{"start":{"line":59,"column":4},"end":{"line":60,"column":null}},"type":"if","locations":[{"start":{"line":59,"column":4},"end":{"line":60,"column":null}},{"start":{},"end":{}}],"line":59},"2":{"loc":{"start":{"line":71,"column":6},"end":{"line":74,"column":null}},"type":"binary-expr","locations":[{"start":{"line":71,"column":6},"end":{"line":71,"column":null}},{"start":{"line":72,"column":6},"end":{"line":72,"column":null}},{"start":{"line":73,"column":6},"end":{"line":73,"column":null}},{"start":{"line":74,"column":6},"end":{"line":74,"column":null}}],"line":71},"3":{"loc":{"start":{"line":79,"column":11},"end":{"line":79,"column":62}},"type":"cond-expr","locations":[{"start":{"line":79,"column":21},"end":{"line":79,"column":42}},{"start":{"line":79,"column":42},"end":{"line":79,"column":62}}],"line":79},"4":{"loc":{"start":{"line":82,"column":4},"end":{"line":84,"column":null}},"type":"cond-expr","locations":[{"start":{"line":83,"column":8},"end":{"line":83,"column":63}},{"start":{"line":84,"column":8},"end":{"line":84,"column":null}}],"line":82},"5":{"loc":{"start":{"line":82,"column":4},"end":{"line":82,"column":null}},"type":"binary-expr","locations":[{"start":{"line":82,"column":4},"end":{"line":82,"column":22}},{"start":{"line":82,"column":22},"end":{"line":82,"column":null}}],"line":82},"6":{"loc":{"start":{"line":85,"column":22},"end":{"line":87,"column":null}},"type":"cond-expr","locations":[{"start":{"line":85,"column":31},"end":{"line":86,"column":34}},{"start":{"line":87,"column":6},"end":{"line":87,"column":null}}],"line":85},"7":{"loc":{"start":{"line":91,"column":33},"end":{"line":91,"column":null}},"type":"cond-expr","locations":[{"start":{"line":91,"column":47},"end":{"line":91,"column":70}},{"start":{"line":91,"column":70},"end":{"line":91,"column":null}}],"line":91},"8":{"loc":{"start":{"line":106,"column":43},"end":{"line":106,"column":null}},"type":"cond-expr","locations":[{"start":{"line":106,"column":53},"end":{"line":106,"column":63}},{"start":{"line":106,"column":63},"end":{"line":106,"column":null}}],"line":106},"9":{"loc":{"start":{"line":113,"column":9},"end":{"line":117,"column":null}},"type":"cond-expr","locations":[{"start":{"line":114,"column":12},"end":{"line":114,"column":null}},{"start":{"line":115,"column":12},"end":{"line":117,"column":null}}],"line":113},"10":{"loc":{"start":{"line":115,"column":12},"end":{"line":117,"column":null}},"type":"cond-expr","locations":[{"start":{"line":116,"column":14},"end":{"line":116,"column":null}},{"start":{"line":117,"column":14},"end":{"line":117,"column":null}}],"line":115}},"s":{"0":1,"1":10,"2":10,"3":10,"4":10,"5":10,"6":10,"7":10,"8":10,"9":10,"10":10,"11":0,"12":10,"13":5,"14":5,"15":4,"16":1,"17":5,"18":10,"19":5,"20":5,"21":5,"22":10,"23":1,"24":0,"25":1,"26":10,"27":0,"28":10,"29":5,"30":10,"31":10,"32":10,"33":4,"34":10,"35":10,"36":0},"f":{"0":10,"1":0,"2":5,"3":5,"4":5,"5":1,"6":0,"7":5,"8":10,"9":4,"10":0},"b":{"0":[1,0],"1":[0,1],"2":[5,3,2,1],"3":[5,5],"4":[4,6],"5":[10,4],"6":[4,6],"7":[0,10],"8":[5,5],"9":[5,5],"10":[1,4]},"meta":{"lastBranch":11,"lastFunction":11,"lastStatement":37,"seen":{"s:23:13:118:Infinity":0,"f:23:13:23:32":0,"s:24:22:24:Infinity":1,"s:26:18:26:55":2,"s:27:16:27:48":3,"s:28:18:28:69":4,"s:30:8:30:32":5,"s:31:9:31:42":6,"s:32:10:32:54":7,"s:33:8:33:35":8,"s:34:8:34:67":9,"s:36:28:37:Infinity":10,"f:36:45:36:Infinity":1,"s:37:17:37:Infinity":11,"s:40:8:49:23":12,"f:40:42:40:69":2,"s:41:4:47:Infinity":13,"s:42:22:42:77":14,"s:43:6:43:Infinity":15,"s:45:6:45:Infinity":16,"b:45:40:45:56:45:56:45:72":0,"s:47:6:47:Infinity":17,"s:51:2:56:Infinity":18,"f:51:2:51:18":3,"s:52:22:53:Infinity":19,"f:52:22:52:34":4,"s:53:6:53:Infinity":20,"s:55:4:55:Infinity":21,"s:58:8:62:Infinity":22,"f:58:8:58:38":5,"b:59:4:60:Infinity:undefined:undefined:undefined:undefined":1,"s:59:4:60:Infinity":23,"s:60:6:60:Infinity":24,"s:62:4:62:Infinity":25,"s:65:8:66:Infinity":26,"f:65:8:65:42":6,"s:66:4:66:Infinity":27,"s:69:8:76:15":28,"f:69:29:69:47":7,"s:70:4:74:Infinity":29,"b:71:6:71:Infinity:72:6:72:Infinity:73:6:73:Infinity:74:6:74:Infinity":2,"s:78:8:80:35":30,"f:78:19:78:33":8,"s:79:4:79:Infinity":31,"b:79:21:79:42:79:42:79:62":3,"s:82:4:84:Infinity":32,"b:83:8:83:63:84:8:84:Infinity":4,"b:82:4:82:22:82:22:82:Infinity":5,"f:83:23:83:28":9,"s:83:37:83:52":33,"s:85:22:87:Infinity":34,"b:85:31:86:34:87:6:87:Infinity":6,"s:89:2:118:Infinity":35,"b:91:47:91:70:91:70:91:Infinity":7,"f:97:10:97:20":10,"s:97:26:97:45":36,"b:106:53:106:63:106:63:106:Infinity":8,"b:114:12:114:Infinity:115:12:117:Infinity":9,"b:116:14:116:Infinity:117:14:117:Infinity":10}}}
,"/home/artem/Desktop/ya/rs-react/react/src/features/main-page/result-list/result-list.tsx": {"path":"/home/artem/Desktop/ya/rs-react/react/src/features/main-page/result-list/result-list.tsx","statementMap":{"0":{"start":{"line":13,"column":13},"end":{"line":27,"column":null}},"1":{"start":{"line":14,"column":2},"end":{"line":15,"column":null}},"2":{"start":{"line":15,"column":4},"end":{"line":15,"column":null}},"3":{"start":{"line":18,"column":2},"end":{"line":19,"column":null}},"4":{"start":{"line":19,"column":4},"end":{"line":19,"column":null}},"5":{"start":{"line":22,"column":2},"end":{"line":27,"column":null}},"6":{"start":{"line":25,"column":8},"end":{"line":25,"column":null}}},"fnMap":{"0":{"name":"(anonymous_0)","decl":{"start":{"line":13,"column":13},"end":{"line":13,"column":27}},"loc":{"start":{"line":13,"column":67},"end":{"line":27,"column":null}},"line":13},"1":{"name":"(anonymous_1)","decl":{"start":{"line":24,"column":12},"end":{"line":24,"column":17}},"loc":{"start":{"line":25,"column":8},"end":{"line":25,"column":null}},"line":25}},"branchMap":{"0":{"loc":{"start":{"line":14,"column":2},"end":{"line":15,"column":null}},"type":"if","locations":[{"start":{"line":14,"column":2},"end":{"line":15,"column":null}},{"start":{},"end":{}}],"line":14},"1":{"loc":{"start":{"line":18,"column":2},"end":{"line":19,"column":null}},"type":"if","locations":[{"start":{"line":18,"column":2},"end":{"line":19,"column":null}},{"start":{},"end":{}}],"line":18},"2":{"loc":{"start":{"line":18,"column":6},"end":{"line":18,"column":34}},"type":"binary-expr","locations":[{"start":{"line":18,"column":6},"end":{"line":18,"column":15}},{"start":{"line":18,"column":15},"end":{"line":18,"column":34}}],"line":18}},"s":{"0":1,"1":3,"2":1,"3":2,"4":1,"5":1,"6":3},"f":{"0":3,"1":3},"b":{"0":[1,2],"1":[1,1],"2":[2,2]},"meta":{"lastBranch":3,"lastFunction":2,"lastStatement":7,"seen":{"s:13:13:27:Infinity":0,"f:13:13:13:27":0,"b:14:2:15:Infinity:undefined:undefined:undefined:undefined":0,"s:14:2:15:Infinity":1,"s:15:4:15:Infinity":2,"b:18:2:19:Infinity:undefined:undefined:undefined:undefined":1,"s:18:2:19:Infinity":3,"b:18:6:18:15:18:15:18:34":2,"s:19:4:19:Infinity":4,"s:22:2:27:Infinity":5,"f:24:12:24:17":1,"s:25:8:25:Infinity":6}}}
,"/home/artem/Desktop/ya/rs-react/react/src/features/main-page/result-list-pagination/result-list-pagination.tsx": {"path":"/home/artem/Desktop/ya/rs-react/react/src/features/main-page/result-list-pagination/result-list-pagination.tsx","statementMap":{"0":{"start":{"line":9,"column":13},"end":{"line":76,"column":null}},"1":{"start":{"line":18,"column":28},"end":{"line":18,"column":null}},"2":{"start":{"line":19,"column":28},"end":{"line":19,"column":null}},"3":{"start":{"line":20,"column":24},"end":{"line":23,"column":5}},"4":{"start":{"line":20,"column":56},"end":{"line":23,"column":5}},"5":{"start":{"line":24,"column":10},"end":{"line":24,"column":54}},"6":{"start":{"line":26,"column":8},"end":{"line":27,"column":null}},"7":{"start":{"line":27,"column":4},"end":{"line":27,"column":null}},"8":{"start":{"line":27,"column":36},"end":{"line":27,"column":null}},"9":{"start":{"line":30,"column":8},"end":{"line":32,"column":null}},"10":{"start":{"line":31,"column":4},"end":{"line":32,"column":null}},"11":{"start":{"line":32,"column":6},"end":{"line":32,"column":null}},"12":{"start":{"line":36,"column":8},"end":{"line":40,"column":null}},"13":{"start":{"line":37,"column":4},"end":{"line":40,"column":null}},"14":{"start":{"line":38,"column":6},"end":{"line":40,"column":null}},"15":{"start":{"line":44,"column":2},"end":{"line":76,"column":null}}},"fnMap":{"0":{"name":"(anonymous_0)","decl":{"start":{"line":9,"column":13},"end":{"line":9,"column":37}},"loc":{"start":{"line":17,"column":23},"end":{"line":76,"column":null}},"line":17},"1":{"name":"(anonymous_1)","decl":{"start":{"line":20,"column":42},"end":{"line":20,"column":47}},"loc":{"start":{"line":20,"column":56},"end":{"line":23,"column":5}},"line":20},"2":{"name":"(anonymous_2)","decl":{"start":{"line":26,"column":8},"end":{"line":26,"column":42}},"loc":{"start":{"line":26,"column":42},"end":{"line":27,"column":null}},"line":26},"3":{"name":"(anonymous_3)","decl":{"start":{"line":30,"column":8},"end":{"line":30,"column":38}},"loc":{"start":{"line":30,"column":38},"end":{"line":32,"column":null}},"line":30},"4":{"name":"(anonymous_4)","decl":{"start":{"line":36,"column":8},"end":{"line":36,"column":30}},"loc":{"start":{"line":36,"column":55},"end":{"line":40,"column":null}},"line":36}},"branchMap":{"0":{"loc":{"start":{"line":27,"column":4},"end":{"line":27,"column":null}},"type":"if","locations":[{"start":{"line":27,"column":4},"end":{"line":27,"column":null}},{"start":{},"end":{}}],"line":27},"1":{"loc":{"start":{"line":27,"column":8},"end":{"line":27,"column":36}},"type":"binary-expr","locations":[{"start":{"line":27,"column":8},"end":{"line":27,"column":20}},{"start":{"line":27,"column":20},"end":{"line":27,"column":36}}],"line":27},"2":{"loc":{"start":{"line":31,"column":4},"end":{"line":32,"column":null}},"type":"if","locations":[{"start":{"line":31,"column":4},"end":{"line":32,"column":null}},{"start":{},"end":{}}],"line":31},"3":{"loc":{"start":{"line":31,"column":8},"end":{"line":31,"column":32}},"type":"binary-expr","locations":[{"start":{"line":31,"column":8},"end":{"line":31,"column":16}},{"start":{"line":31,"column":16},"end":{"line":31,"column":32}}],"line":31},"4":{"loc":{"start":{"line":37,"column":4},"end":{"line":40,"column":null}},"type":"if","locations":[{"start":{"line":37,"column":4},"end":{"line":40,"column":null}},{"start":{},"end":{}}],"line":37},"5":{"loc":{"start":{"line":39,"column":8},"end":{"line":39,"column":null}},"type":"cond-expr","locations":[{"start":{"line":39,"column":32},"end":{"line":39,"column":45}},{"start":{"line":39,"column":48},"end":{"line":39,"column":null}}],"line":39},"6":{"loc":{"start":{"line":46,"column":36},"end":{"line":46,"column":null}},"type":"cond-expr","locations":[{"start":{"line":46,"column":50},"end":{"line":46,"column":71}},{"start":{"line":46,"column":71},"end":{"line":46,"column":null}}],"line":46},"7":{"loc":{"start":{"line":53,"column":22},"end":{"line":53,"column":null}},"type":"binary-expr","locations":[{"start":{"line":53,"column":22},"end":{"line":53,"column":34}},{"start":{"line":53,"column":34},"end":{"line":53,"column":null}}],"line":53},"8":{"loc":{"start":{"line":56,"column":11},"end":{"line":56,"column":null}},"type":"binary-expr","locations":[{"start":{"line":56,"column":11},"end":{"line":56,"column":54}},{"start":{"line":56,"column":58},"end":{"line":56,"column":null}}],"line":56},"9":{"loc":{"start":{"line":62,"column":14},"end":{"line":65,"column":null}},"type":"binary-expr","locations":[{"start":{"line":62,"column":14},"end":{"line":62,"column":null}},{"start":{"line":63,"column":14},"end":{"line":65,"column":null}}],"line":62},"10":{"loc":{"start":{"line":64,"column":17},"end":{"line":65,"column":null}},"type":"binary-expr","locations":[{"start":{"line":64,"column":17},"end":{"line":64,"column":60}},{"start":{"line":65,"column":18},"end":{"line":65,"column":null}}],"line":64}},"s":{"0":1,"1":6,"2":6,"3":6,"4":18,"5":6,"6":6,"7":2,"8":1,"9":6,"10":2,"11":1,"12":6,"13":1,"14":1,"15":6},"f":{"0":6,"1":18,"2":2,"3":2,"4":1},"b":{"0":[1,1],"1":[2,1],"2":[1,1],"3":[2,1],"4":[1,0],"5":[1,0],"6":[0,6],"7":[6,5],"8":[6,0],"9":[6,5],"10":[5,0]},"meta":{"lastBranch":11,"lastFunction":5,"lastStatement":16,"seen":{"s:9:13:76:Infinity":0,"f:9:13:9:37":0,"s:18:28:18:Infinity":1,"s:19:28:19:Infinity":2,"s:20:24:23:5":3,"f:20:42:20:47":1,"s:20:56:23:5":4,"s:24:10:24:54":5,"s:26:8:27:Infinity":6,"f:26:8:26:42":2,"b:27:4:27:Infinity:undefined:undefined:undefined:undefined":0,"s:27:4:27:Infinity":7,"b:27:8:27:20:27:20:27:36":1,"s:27:36:27:Infinity":8,"s:30:8:32:Infinity":9,"f:30:8:30:38":3,"b:31:4:32:Infinity:undefined:undefined:undefined:undefined":2,"s:31:4:32:Infinity":10,"b:31:8:31:16:31:16:31:32":3,"s:32:6:32:Infinity":11,"s:36:8:40:Infinity":12,"f:36:8:36:30":4,"b:37:4:40:Infinity:undefined:undefined:undefined:undefined":4,"s:37:4:40:Infinity":13,"s:38:6:40:Infinity":14,"b:39:32:39:45:39:48:39:Infinity":5,"s:44:2:76:Infinity":15,"b:46:50:46:71:46:71:46:Infinity":6,"b:53:22:53:34:53:34:53:Infinity":7,"b:56:11:56:54:56:58:56:Infinity":8,"b:62:14:62:Infinity:63:14:65:Infinity":9,"b:64:17:64:60:65:18:65:Infinity":10}}}
,"/home/artem/Desktop/ya/rs-react/react/src/features/main-page/search-field/search-field.tsx": {"path":"/home/artem/Desktop/ya/rs-react/react/src/features/main-page/search-field/search-field.tsx","statementMap":{"0":{"start":{"line":9,"column":13},"end":{"line":39,"column":null}},"1":{"start":{"line":10,"column":27},"end":{"line":10,"column":null}},"2":{"start":{"line":11,"column":24},"end":{"line":11,"column":74}},"3":{"start":{"line":12,"column":10},"end":{"line":12,"column":54}},"4":{"start":{"line":14,"column":8},"end":{"line":15,"column":null}},"5":{"start":{"line":15,"column":4},"end":{"line":15,"column":null}},"6":{"start":{"line":18,"column":8},"end":{"line":23,"column":null}},"7":{"start":{"line":19,"column":4},"end":{"line":23,"column":null}},"8":{"start":{"line":20,"column":22},"end":{"line":20,"column":42}},"9":{"start":{"line":22,"column":6},"end":{"line":22,"column":null}},"10":{"start":{"line":23,"column":6},"end":{"line":23,"column":null}},"11":{"start":{"line":27,"column":2},"end":{"line":39,"column":null}}},"fnMap":{"0":{"name":"(anonymous_0)","decl":{"start":{"line":9,"column":13},"end":{"line":9,"column":28}},"loc":{"start":{"line":9,"column":72},"end":{"line":39,"column":null}},"line":9},"1":{"name":"(anonymous_1)","decl":{"start":{"line":14,"column":8},"end":{"line":14,"column":29}},"loc":{"start":{"line":14,"column":54},"end":{"line":15,"column":null}},"line":14},"2":{"name":"(anonymous_2)","decl":{"start":{"line":18,"column":8},"end":{"line":18,"column":40}},"loc":{"start":{"line":18,"column":40},"end":{"line":23,"column":null}},"line":18}},"branchMap":{"0":{"loc":{"start":{"line":11,"column":61},"end":{"line":11,"column":74}},"type":"binary-expr","locations":[{"start":{"line":11,"column":61},"end":{"line":11,"column":71}},{"start":{"line":11,"column":71},"end":{"line":11,"column":74}}],"line":11},"1":{"loc":{"start":{"line":19,"column":4},"end":{"line":23,"column":null}},"type":"if","locations":[{"start":{"line":19,"column":4},"end":{"line":23,"column":null}},{"start":{},"end":{}}],"line":19},"2":{"loc":{"start":{"line":33,"column":23},"end":{"line":33,"column":null}},"type":"cond-expr","locations":[{"start":{"line":33,"column":37},"end":{"line":33,"column":58}},{"start":{"line":33,"column":58},"end":{"line":33,"column":null}}],"line":33},"3":{"loc":{"start":{"line":38,"column":23},"end":{"line":38,"column":null}},"type":"cond-expr","locations":[{"start":{"line":38,"column":37},"end":{"line":38,"column":54}},{"start":{"line":38,"column":54},"end":{"line":38,"column":null}}],"line":38}},"s":{"0":1,"1":22,"2":22,"3":22,"4":22,"5":18,"6":22,"7":2,"8":1,"9":1,"10":1,"11":22},"f":{"0":22,"1":18,"2":2},"b":{"0":[22,21],"1":[1,1],"2":[0,22],"3":[0,22]},"meta":{"lastBranch":4,"lastFunction":3,"lastStatement":12,"seen":{"s:9:13:39:Infinity":0,"f:9:13:9:28":0,"s:10:27:10:Infinity":1,"s:11:24:11:74":2,"b:11:61:11:71:11:71:11:74":0,"s:12:10:12:54":3,"s:14:8:15:Infinity":4,"f:14:8:14:29":1,"s:15:4:15:Infinity":5,"s:18:8:23:Infinity":6,"f:18:8:18:40":2,"b:19:4:23:Infinity:undefined:undefined:undefined:undefined":1,"s:19:4:23:Infinity":7,"s:20:22:20:42":8,"s:22:6:22:Infinity":9,"s:23:6:23:Infinity":10,"s:27:2:39:Infinity":11,"b:33:37:33:58:33:58:33:Infinity":2,"b:38:37:38:54:38:54:38:Infinity":3}}}
,"/home/artem/Desktop/ya/rs-react/react/src/features/router/router.tsx": {"path":"/home/artem/Desktop/ya/rs-react/react/src/features/router/router.tsx","statementMap":{"0":{"start":{"line":8,"column":13},"end":{"line":33,"column":2}}},"fnMap":{},"branchMap":{},"s":{"0":0},"f":{},"b":{},"meta":{"lastBranch":0,"lastFunction":0,"lastStatement":1,"seen":{"s:8:13:33:2":0}}}
,"/home/artem/Desktop/ya/rs-react/react/src/pages/about-page/about-page.tsx": {"path":"/home/artem/Desktop/ya/rs-react/react/src/pages/about-page/about-page.tsx","statementMap":{"0":{"start":{"line":4,"column":13},"end":{"line":14,"column":null}},"1":{"start":{"line":5,"column":2},"end":{"line":14,"column":null}}},"fnMap":{"0":{"name":"(anonymous_0)","decl":{"start":{"line":4,"column":13},"end":{"line":4,"column":31}},"loc":{"start":{"line":4,"column":31},"end":{"line":14,"column":null}},"line":4}},"branchMap":{},"s":{"0":1,"1":2},"f":{"0":2},"b":{},"meta":{"lastBranch":0,"lastFunction":1,"lastStatement":2,"seen":{"s:4:13:14:Infinity":0,"f:4:13:4:31":0,"s:5:2:14:Infinity":1}}}
,"/home/artem/Desktop/ya/rs-react/react/src/pages/error-page/error-page.tsx": {"path":"/home/artem/Desktop/ya/rs-react/react/src/pages/error-page/error-page.tsx","statementMap":{"0":{"start":{"line":3,"column":13},"end":{"line":10,"column":null}},"1":{"start":{"line":4,"column":2},"end":{"line":10,"column":null}}},"fnMap":{"0":{"name":"(anonymous_0)","decl":{"start":{"line":3,"column":13},"end":{"line":3,"column":31}},"loc":{"start":{"line":3,"column":31},"end":{"line":10,"column":null}},"line":3}},"branchMap":{},"s":{"0":1,"1":2},"f":{"0":2},"b":{},"meta":{"lastBranch":0,"lastFunction":1,"lastStatement":2,"seen":{"s:3:13:10:Infinity":0,"f:3:13:3:31":0,"s:4:2:10:Infinity":1}}}
,"/home/artem/Desktop/ya/rs-react/react/src/pages/main-page/main-page.tsx": {"path":"/home/artem/Desktop/ya/rs-react/react/src/pages/main-page/main-page.tsx","statementMap":{"0":{"start":{"line":15,"column":13},"end":{"line":132,"column":null}},"1":{"start":{"line":16,"column":30},"end":{"line":16,"column":null}},"2":{"start":{"line":17,"column":22},"end":{"line":17,"column":67}},"3":{"start":{"line":18,"column":24},"end":{"line":19,"column":null}},"4":{"start":{"line":19,"column":10},"end":{"line":19,"column":32}},"5":{"start":{"line":21,"column":23},"end":{"line":21,"column":50}},"6":{"start":{"line":22,"column":15},"end":{"line":22,"column":68}},"7":{"start":{"line":23,"column":18},"end":{"line":23,"column":56}},"8":{"start":{"line":24,"column":16},"end":{"line":24,"column":48}},"9":{"start":{"line":25,"column":16},"end":{"line":25,"column":62}},"10":{"start":{"line":26,"column":10},"end":{"line":26,"column":54}},"11":{"start":{"line":28,"column":8},"end":{"line":41,"column":26}},"12":{"start":{"line":29,"column":4},"end":{"line":29,"column":null}},"13":{"start":{"line":30,"column":4},"end":{"line":39,"column":null}},"14":{"start":{"line":31,"column":6},"end":{"line":31,"column":null}},"15":{"start":{"line":32,"column":19},"end":{"line":32,"column":50}},"16":{"start":{"line":33,"column":6},"end":{"line":33,"column":null}},"17":{"start":{"line":35,"column":6},"end":{"line":36,"column":null}},"18":{"start":{"line":36,"column":8},"end":{"line":36,"column":null}},"19":{"start":{"line":39,"column":6},"end":{"line":39,"column":null}},"20":{"start":{"line":43,"column":8},"end":{"line":59,"column":null}},"21":{"start":{"line":45,"column":6},"end":{"line":45,"column":null}},"22":{"start":{"line":47,"column":6},"end":{"line":49,"column":null}},"23":{"start":{"line":48,"column":8},"end":{"line":48,"column":null}},"24":{"start":{"line":49,"column":8},"end":{"line":49,"column":null}},"25":{"start":{"line":51,"column":6},"end":{"line":56,"column":null}},"26":{"start":{"line":57,"column":6},"end":{"line":57,"column":null}},"27":{"start":{"line":62,"column":2},"end":{"line":71,"column":null}},"28":{"start":{"line":63,"column":22},"end":{"line":67,"column":null}},"29":{"start":{"line":64,"column":6},"end":{"line":67,"column":null}},"30":{"start":{"line":65,"column":8},"end":{"line":65,"column":null}},"31":{"start":{"line":67,"column":8},"end":{"line":67,"column":null}},"32":{"start":{"line":70,"column":4},"end":{"line":70,"column":null}},"33":{"start":{"line":73,"column":26},"end":{"line":82,"column":null}},"34":{"start":{"line":74,"column":24},"end":{"line":74,"column":44}},"35":{"start":{"line":75,"column":4},"end":{"line":82,"column":null}},"36":{"start":{"line":76,"column":6},"end":{"line":76,"column":null}},"37":{"start":{"line":77,"column":6},"end":{"line":77,"column":null}},"38":{"start":{"line":78,"column":6},"end":{"line":78,"column":null}},"39":{"start":{"line":79,"column":6},"end":{"line":82,"column":null}},"40":{"start":{"line":80,"column":8},"end":{"line":80,"column":null}},"41":{"start":{"line":82,"column":8},"end":{"line":82,"column":null}},"42":{"start":{"line":87,"column":27},"end":{"line":91,"column":null}},"43":{"start":{"line":88,"column":4},"end":{"line":91,"column":null}},"44":{"start":{"line":89,"column":6},"end":{"line":89,"column":null}},"45":{"start":{"line":91,"column":6},"end":{"line":91,"column":null}},"46":{"start":{"line":95,"column":28},"end":{"line":99,"column":null}},"47":{"start":{"line":96,"column":4},"end":{"line":99,"column":null}},"48":{"start":{"line":97,"column":6},"end":{"line":97,"column":null}},"49":{"start":{"line":98,"column":6},"end":{"line":98,"column":null}},"50":{"start":{"line":99,"column":6},"end":{"line":99,"column":null}},"51":{"start":{"line":103,"column":2},"end":{"line":132,"column":null}}},"fnMap":{"0":{"name":"(anonymous_0)","decl":{"start":{"line":15,"column":13},"end":{"line":15,"column":25}},"loc":{"start":{"line":15,"column":53},"end":{"line":132,"column":null}},"line":15},"1":{"name":"(anonymous_1)","decl":{"start":{"line":18,"column":44},"end":{"line":18,"column":null}},"loc":{"start":{"line":19,"column":10},"end":{"line":19,"column":32}},"line":19},"2":{"name":"(anonymous_2)","decl":{"start":{"line":28,"column":30},"end":{"line":28,"column":42}},"loc":{"start":{"line":28,"column":42},"end":{"line":41,"column":6}},"line":28},"3":{"name":"(anonymous_3)","decl":{"start":{"line":44,"column":4},"end":{"line":44,"column":11}},"loc":{"start":{"line":44,"column":43},"end":{"line":59,"column":5}},"line":44},"4":{"name":"(anonymous_4)","decl":{"start":{"line":62,"column":2},"end":{"line":62,"column":18}},"loc":{"start":{"line":62,"column":18},"end":{"line":71,"column":6}},"line":62},"5":{"name":"(anonymous_5)","decl":{"start":{"line":63,"column":22},"end":{"line":63,"column":34}},"loc":{"start":{"line":63,"column":34},"end":{"line":67,"column":null}},"line":63},"6":{"name":"(anonymous_6)","decl":{"start":{"line":73,"column":26},"end":{"line":73,"column":33}},"loc":{"start":{"line":73,"column":67},"end":{"line":82,"column":null}},"line":73},"7":{"name":"(anonymous_7)","decl":{"start":{"line":87,"column":27},"end":{"line":87,"column":34}},"loc":{"start":{"line":87,"column":73},"end":{"line":91,"column":null}},"line":87},"8":{"name":"(anonymous_8)","decl":{"start":{"line":95,"column":28},"end":{"line":95,"column":35}},"loc":{"start":{"line":95,"column":69},"end":{"line":99,"column":null}},"line":95}},"branchMap":{"0":{"loc":{"start":{"line":19,"column":10},"end":{"line":19,"column":32}},"type":"binary-expr","locations":[{"start":{"line":19,"column":10},"end":{"line":19,"column":20}},{"start":{"line":19,"column":20},"end":{"line":19,"column":32}}],"line":19},"1":{"loc":{"start":{"line":35,"column":6},"end":{"line":36,"column":null}},"type":"if","locations":[{"start":{"line":35,"column":6},"end":{"line":36,"column":null}},{"start":{},"end":{}}],"line":35},"2":{"loc":{"start":{"line":47,"column":6},"end":{"line":49,"column":null}},"type":"if","locations":[{"start":{"line":47,"column":6},"end":{"line":49,"column":null}},{"start":{},"end":{}}],"line":47},"3":{"loc":{"start":{"line":64,"column":6},"end":{"line":67,"column":null}},"type":"if","locations":[{"start":{"line":64,"column":6},"end":{"line":67,"column":null}},{"start":{"line":66,"column":13},"end":{"line":67,"column":null}}],"line":64},"4":{"loc":{"start":{"line":75,"column":4},"end":{"line":82,"column":null}},"type":"if","locations":[{"start":{"line":75,"column":4},"end":{"line":82,"column":null}},{"start":{},"end":{}}],"line":75},"5":{"loc":{"start":{"line":79,"column":6},"end":{"line":82,"column":null}},"type":"if","locations":[{"start":{"line":79,"column":6},"end":{"line":82,"column":null}},{"start":{"line":81,"column":13},"end":{"line":82,"column":null}}],"line":79},"6":{"loc":{"start":{"line":88,"column":4},"end":{"line":91,"column":null}},"type":"if","locations":[{"start":{"line":88,"column":4},"end":{"line":91,"column":null}},{"start":{"line":90,"column":11},"end":{"line":91,"column":null}}],"line":88},"7":{"loc":{"start":{"line":96,"column":4},"end":{"line":99,"column":null}},"type":"if","locations":[{"start":{"line":96,"column":4},"end":{"line":99,"column":null}},{"start":{},"end":{}}],"line":96},"8":{"loc":{"start":{"line":96,"column":8},"end":{"line":96,"column":44}},"type":"binary-expr","locations":[{"start":{"line":96,"column":8},"end":{"line":96,"column":17}},{"start":{"line":96,"column":17},"end":{"line":96,"column":44}}],"line":96},"9":{"loc":{"start":{"line":105,"column":7},"end":{"line":113,"column":null}},"type":"cond-expr","locations":[{"start":{"line":106,"column":8},"end":{"line":113,"column":null}},{"start":{"line":113,"column":10},"end":{"line":113,"column":null}}],"line":105},"10":{"loc":{"start":{"line":115,"column":44},"end":{"line":115,"column":null}},"type":"cond-expr","locations":[{"start":{"line":115,"column":58},"end":{"line":115,"column":90}},{"start":{"line":115,"column":90},"end":{"line":115,"column":null}}],"line":115},"11":{"loc":{"start":{"line":118,"column":26},"end":{"line":118,"column":45}},"type":"binary-expr","locations":[{"start":{"line":118,"column":26},"end":{"line":118,"column":43}},{"start":{"line":118,"column":43},"end":{"line":118,"column":45}}],"line":118},"12":{"loc":{"start":{"line":118,"column":57},"end":{"line":118,"column":72}},"type":"binary-expr","locations":[{"start":{"line":118,"column":57},"end":{"line":118,"column":66}},{"start":{"line":118,"column":66},"end":{"line":118,"column":72}}],"line":118},"13":{"loc":{"start":{"line":120,"column":9},"end":{"line":129,"column":null}},"type":"binary-expr","locations":[{"start":{"line":120,"column":9},"end":{"line":120,"column":21}},{"start":{"line":120,"column":21},"end":{"line":120,"column":null}},{"start":{"line":121,"column":10},"end":{"line":129,"column":null}}],"line":120},"14":{"loc":{"start":{"line":122,"column":19},"end":{"line":122,"column":null}},"type":"binary-expr","locations":[{"start":{"line":122,"column":19},"end":{"line":122,"column":34}},{"start":{"line":122,"column":34},"end":{"line":122,"column":null}}],"line":122},"15":{"loc":{"start":{"line":125,"column":18},"end":{"line":125,"column":null}},"type":"binary-expr","locations":[{"start":{"line":125,"column":18},"end":{"line":125,"column":32}},{"start":{"line":125,"column":32},"end":{"line":125,"column":null}}],"line":125},"16":{"loc":{"start":{"line":126,"column":22},"end":{"line":126,"column":null}},"type":"binary-expr","locations":[{"start":{"line":126,"column":22},"end":{"line":126,"column":40}},{"start":{"line":126,"column":40},"end":{"line":126,"column":null}}],"line":126}},"s":{"0":1,"1":43,"2":43,"3":43,"4":8,"5":43,"6":43,"7":43,"8":43,"9":43,"10":43,"11":43,"12":9,"13":9,"14":9,"15":9,"16":8,"17":1,"18":1,"19":9,"20":43,"21":5,"22":5,"23":0,"24":0,"25":5,"26":5,"27":43,"28":12,"29":12,"30":4,"31":8,"32":12,"33":43,"34":2,"35":2,"36":2,"37":2,"38":2,"39":2,"40":1,"41":1,"42":43,"43":1,"44":1,"45":0,"46":43,"47":1,"48":1,"49":1,"50":1,"51":43},"f":{"0":43,"1":8,"2":9,"3":5,"4":12,"5":12,"6":2,"7":1,"8":1},"b":{"0":[8,6],"1":[1,0],"2":[0,5],"3":[4,8],"4":[2,0],"5":[1,1],"6":[1,0],"7":[1,0],"8":[1,1],"9":[16,27],"10":[0,43],"11":[43,19],"12":[43,42],"13":[43,27,18],"14":[18,0],"15":[18,10],"16":[18,17]},"meta":{"lastBranch":17,"lastFunction":9,"lastStatement":52,"seen":{"s:15:13:132:Infinity":0,"f:15:13:15:25":0,"s:16:30:16:Infinity":1,"s:17:22:17:67":2,"s:18:24:19:Infinity":3,"f:18:44:18:Infinity":1,"s:19:10:19:32":4,"b:19:10:19:20:19:20:19:32":0,"s:21:23:21:50":5,"s:22:15:22:68":6,"s:23:18:23:56":7,"s:24:16:24:48":8,"s:25:16:25:62":9,"s:26:10:26:54":10,"s:28:8:41:26":11,"f:28:30:28:42":2,"s:29:4:29:Infinity":12,"s:30:4:39:Infinity":13,"s:31:6:31:Infinity":14,"s:32:19:32:50":15,"s:33:6:33:Infinity":16,"b:35:6:36:Infinity:undefined:undefined:undefined:undefined":1,"s:35:6:36:Infinity":17,"s:36:8:36:Infinity":18,"s:39:6:39:Infinity":19,"s:43:8:59:Infinity":20,"f:44:4:44:11":3,"s:45:6:45:Infinity":21,"b:47:6:49:Infinity:undefined:undefined:undefined:undefined":2,"s:47:6:49:Infinity":22,"s:48:8:48:Infinity":23,"s:49:8:49:Infinity":24,"s:51:6:56:Infinity":25,"s:57:6:57:Infinity":26,"s:62:2:71:Infinity":27,"f:62:2:62:18":4,"s:63:22:67:Infinity":28,"f:63:22:63:34":5,"b:64:6:67:Infinity:66:13:67:Infinity":3,"s:64:6:67:Infinity":29,"s:65:8:65:Infinity":30,"s:67:8:67:Infinity":31,"s:70:4:70:Infinity":32,"s:73:26:82:Infinity":33,"f:73:26:73:33":6,"s:74:24:74:44":34,"b:75:4:82:Infinity:undefined:undefined:undefined:undefined":4,"s:75:4:82:Infinity":35,"s:76:6:76:Infinity":36,"s:77:6:77:Infinity":37,"s:78:6:78:Infinity":38,"b:79:6:82:Infinity:81:13:82:Infinity":5,"s:79:6:82:Infinity":39,"s:80:8:80:Infinity":40,"s:82:8:82:Infinity":41,"s:87:27:91:Infinity":42,"f:87:27:87:34":7,"b:88:4:91:Infinity:90:11:91:Infinity":6,"s:88:4:91:Infinity":43,"s:89:6:89:Infinity":44,"s:91:6:91:Infinity":45,"s:95:28:99:Infinity":46,"f:95:28:95:35":8,"b:96:4:99:Infinity:undefined:undefined:undefined:undefined":7,"s:96:4:99:Infinity":47,"b:96:8:96:17:96:17:96:44":8,"s:97:6:97:Infinity":48,"s:98:6:98:Infinity":49,"s:99:6:99:Infinity":50,"s:103:2:132:Infinity":51,"b:106:8:113:Infinity:113:10:113:Infinity":9,"b:115:58:115:90:115:90:115:Infinity":10,"b:118:26:118:43:118:43:118:45":11,"b:118:57:118:66:118:66:118:72":12,"b:120:9:120:21:120:21:120:Infinity:121:10:129:Infinity":13,"b:122:19:122:34:122:34:122:Infinity":14,"b:125:18:125:32:125:32:125:Infinity":15,"b:126:22:126:40:126:40:126:Infinity":16}}}
,"/home/artem/Desktop/ya/rs-react/react/src/shared/components/button/button.tsx": {"path":"/home/artem/Desktop/ya/rs-react/react/src/shared/components/button/button.tsx","statementMap":{"0":{"start":{"line":12,"column":13},"end":{"line":35,"column":null}},"1":{"start":{"line":19,"column":8},"end":{"line":19,"column":29}},"2":{"start":{"line":20,"column":8},"end":{"line":22,"column":null}},"3":{"start":{"line":21,"column":4},"end":{"line":22,"column":null}},"4":{"start":{"line":22,"column":6},"end":{"line":22,"column":null}},"5":{"start":{"line":25,"column":2},"end":{"line":35,"column":null}}},"fnMap":{"0":{"name":"(anonymous_0)","decl":{"start":{"line":12,"column":13},"end":{"line":12,"column":23}},"loc":{"start":{"line":18,"column":19},"end":{"line":35,"column":null}},"line":18},"1":{"name":"(anonymous_1)","decl":{"start":{"line":20,"column":8},"end":{"line":20,"column":23}},"loc":{"start":{"line":20,"column":70},"end":{"line":22,"column":null}},"line":20}},"branchMap":{"0":{"loc":{"start":{"line":14,"column":2},"end":{"line":14,"column":null}},"type":"default-arg","locations":[{"start":{"line":14,"column":9},"end":{"line":14,"column":null}}],"line":14},"1":{"loc":{"start":{"line":16,"column":2},"end":{"line":16,"column":null}},"type":"default-arg","locations":[{"start":{"line":16,"column":13},"end":{"line":16,"column":null}}],"line":16},"2":{"loc":{"start":{"line":21,"column":4},"end":{"line":22,"column":null}},"type":"if","locations":[{"start":{"line":21,"column":4},"end":{"line":22,"column":null}},{"start":{},"end":{}}],"line":21},"3":{"loc":{"start":{"line":28,"column":12},"end":{"line":28,"column":null}},"type":"binary-expr","locations":[{"start":{"line":28,"column":12},"end":{"line":28,"column":18}},{"start":{"line":28,"column":18},"end":{"line":28,"column":null}}],"line":28}},"s":{"0":5,"1":51,"2":51,"3":9,"4":8,"5":51},"f":{"0":51,"1":9},"b":{"0":[51],"1":[51],"2":[8,1],"3":[51,38]},"meta":{"lastBranch":4,"lastFunction":2,"lastStatement":6,"seen":{"s:12:13:35:Infinity":0,"f:12:13:12:23":0,"b:14:9:14:Infinity":0,"b:16:13:16:Infinity":1,"s:19:8:19:29":1,"s:20:8:22:Infinity":2,"f:20:8:20:23":1,"b:21:4:22:Infinity:undefined:undefined:undefined:undefined":2,"s:21:4:22:Infinity":3,"s:22:6:22:Infinity":4,"s:25:2:35:Infinity":5,"b:28:12:28:18:28:18:28:Infinity":3}}}
,"/home/artem/Desktop/ya/rs-react/react/src/shared/components/column-layout/column-layout.tsx": {"path":"/home/artem/Desktop/ya/rs-react/react/src/shared/components/column-layout/column-layout.tsx","statementMap":{"0":{"start":{"line":11,"column":13},"end":{"line":16,"column":null}},"1":{"start":{"line":12,"column":2},"end":{"line":16,"column":null}}},"fnMap":{"0":{"name":"(anonymous_0)","decl":{"start":{"line":11,"column":13},"end":{"line":11,"column":29}},"loc":{"start":{"line":11,"column":65},"end":{"line":16,"column":null}},"line":11}},"branchMap":{"0":{"loc":{"start":{"line":15,"column":40},"end":{"line":15,"column":80}},"type":"binary-expr","locations":[{"start":{"line":15,"column":40},"end":{"line":15,"column":52}},{"start":{"line":15,"column":52},"end":{"line":15,"column":80}}],"line":15}},"s":{"0":1,"1":2},"f":{"0":2},"b":{"0":[2,1]},"meta":{"lastBranch":1,"lastFunction":1,"lastStatement":2,"seen":{"s:11:13:16:Infinity":0,"f:11:13:11:29":0,"s:12:2:16:Infinity":1,"b:15:40:15:52:15:52:15:80":0}}}
,"/home/artem/Desktop/ya/rs-react/react/src/shared/components/error-boundary/error-boundary.tsx": {"path":"/home/artem/Desktop/ya/rs-react/react/src/shared/components/error-boundary/error-boundary.tsx","statementMap":{"0":{"start":{"line":16,"column":30},"end":{"line":17,"column":null}},"1":{"start":{"line":21,"column":4},"end":{"line":21,"column":null}},"2":{"start":{"line":25,"column":4},"end":{"line":29,"column":null}},"3":{"start":{"line":33,"column":4},"end":{"line":34,"column":null}},"4":{"start":{"line":34,"column":6},"end":{"line":34,"column":null}},"5":{"start":{"line":37,"column":4},"end":{"line":37,"column":null}}},"fnMap":{"0":{"name":"(anonymous_0)","decl":{"start":{"line":20,"column":9},"end":{"line":20,"column":56}},"loc":{"start":{"line":20,"column":56},"end":{"line":21,"column":null}},"line":20},"1":{"name":"(anonymous_1)","decl":{"start":{"line":24,"column":2},"end":{"line":24,"column":20}},"loc":{"start":{"line":24,"column":62},"end":{"line":29,"column":null}},"line":24},"2":{"name":"(anonymous_2)","decl":{"start":{"line":32,"column":2},"end":{"line":32,"column":36}},"loc":{"start":{"line":32,"column":36},"end":{"line":37,"column":null}},"line":32}},"branchMap":{"0":{"loc":{"start":{"line":33,"column":4},"end":{"line":34,"column":null}},"type":"if","locations":[{"start":{"line":33,"column":4},"end":{"line":34,"column":null}},{"start":{},"end":{}}],"line":33},"1":{"loc":{"start":{"line":34,"column":13},"end":{"line":34,"column":null}},"type":"binary-expr","locations":[{"start":{"line":34,"column":13},"end":{"line":34,"column":36}},{"start":{"line":34,"column":36},"end":{"line":34,"column":null}}],"line":34}},"s":{"0":9,"1":8,"2":4,"3":17,"4":8,"5":9},"f":{"0":9,"1":4,"2":17},"b":{"0":[8,9],"1":[8,4]},"meta":{"lastBranch":2,"lastFunction":3,"lastStatement":6,"seen":{"s:16:30:17:Infinity":0,"f:20:9:20:56":0,"s:21:4:21:Infinity":1,"f:24:2:24:20":1,"s:25:4:29:Infinity":2,"f:32:2:32:36":2,"b:33:4:34:Infinity:undefined:undefined:undefined:undefined":0,"s:33:4:34:Infinity":3,"s:34:6:34:Infinity":4,"b:34:13:34:36:34:36:34:Infinity":1,"s:37:4:37:Infinity":5}}}
,"/home/artem/Desktop/ya/rs-react/react/src/shared/components/flayout/flayout.tsx": {"path":"/home/artem/Desktop/ya/rs-react/react/src/shared/components/flayout/flayout.tsx","statementMap":{"0":{"start":{"line":10,"column":13},"end":{"line":83,"column":null}},"1":{"start":{"line":11,"column":8},"end":{"line":11,"column":35}},"2":{"start":{"line":12,"column":8},"end":{"line":12,"column":67}},"3":{"start":{"line":13,"column":10},"end":{"line":13,"column":54}},"4":{"start":{"line":15,"column":24},"end":{"line":15,"column":59}},"5":{"start":{"line":17,"column":8},"end":{"line":18,"column":null}},"6":{"start":{"line":18,"column":4},"end":{"line":18,"column":null}},"7":{"start":{"line":21,"column":28},"end":{"line":50,"column":null}},"8":{"start":{"line":22,"column":4},"end":{"line":23,"column":null}},"9":{"start":{"line":23,"column":6},"end":{"line":23,"column":null}},"10":{"start":{"line":26,"column":4},"end":{"line":26,"column":null}},"11":{"start":{"line":28,"column":4},"end":{"line":50,"column":null}},"12":{"start":{"line":29,"column":25},"end":{"line":29,"column":48}},"13":{"start":{"line":30,"column":22},"end":{"line":34,"column":null}},"14":{"start":{"line":31,"column":21},"end":{"line":31,"column":null}},"15":{"start":{"line":32,"column":20},"end":{"line":32,"column":null}},"16":{"start":{"line":33,"column":8},"end":{"line":33,"column":null}},"17":{"start":{"line":36,"column":25},"end":{"line":36,"column":70}},"18":{"start":{"line":38,"column":19},"end":{"line":38,"column":78}},"19":{"start":{"line":39,"column":18},"end":{"line":39,"column":43}},"20":{"start":{"line":40,"column":19},"end":{"line":40,"column":46}},"21":{"start":{"line":41,"column":6},"end":{"line":41,"column":null}},"22":{"start":{"line":42,"column":6},"end":{"line":42,"column":null}},"23":{"start":{"line":43,"column":6},"end":{"line":43,"column":null}},"24":{"start":{"line":44,"column":6},"end":{"line":44,"column":null}},"25":{"start":{"line":45,"column":6},"end":{"line":45,"column":null}},"26":{"start":{"line":46,"column":6},"end":{"line":46,"column":null}},"27":{"start":{"line":48,"column":6},"end":{"line":48,"column":null}},"28":{"start":{"line":50,"column":6},"end":{"line":50,"column":null}},"29":{"start":{"line":53,"column":2},"end":{"line":54,"column":null}},"30":{"start":{"line":54,"column":4},"end":{"line":54,"column":null}},"31":{"start":{"line":57,"column":2},"end":{"line":83,"column":null}}},"fnMap":{"0":{"name":"(anonymous_0)","decl":{"start":{"line":10,"column":13},"end":{"line":10,"column":29}},"loc":{"start":{"line":10,"column":29},"end":{"line":83,"column":null}},"line":10},"1":{"name":"(anonymous_1)","decl":{"start":{"line":17,"column":8},"end":{"line":17,"column":34}},"loc":{"start":{"line":17,"column":34},"end":{"line":18,"column":null}},"line":17},"2":{"name":"(anonymous_2)","decl":{"start":{"line":21,"column":28},"end":{"line":21,"column":40}},"loc":{"start":{"line":21,"column":40},"end":{"line":50,"column":null}},"line":21},"3":{"name":"(anonymous_3)","decl":{"start":{"line":30,"column":39},"end":{"line":30,"column":44}},"loc":{"start":{"line":30,"column":56},"end":{"line":34,"column":null}},"line":30}},"branchMap":{"0":{"loc":{"start":{"line":22,"column":4},"end":{"line":23,"column":null}},"type":"if","locations":[{"start":{"line":22,"column":4},"end":{"line":23,"column":null}},{"start":{},"end":{}}],"line":22},"1":{"loc":{"start":{"line":31,"column":21},"end":{"line":31,"column":null}},"type":"binary-expr","locations":[{"start":{"line":31,"column":21},"end":{"line":31,"column":37}},{"start":{"line":31,"column":37},"end":{"line":31,"column":null}}],"line":31},"2":{"loc":{"start":{"line":32,"column":20},"end":{"line":32,"column":null}},"type":"binary-expr","locations":[{"start":{"line":32,"column":20},"end":{"line":32,"column":35}},{"start":{"line":32,"column":35},"end":{"line":32,"column":null}}],"line":32},"3":{"loc":{"start":{"line":53,"column":2},"end":{"line":54,"column":null}},"type":"if","locations":[{"start":{"line":53,"column":2},"end":{"line":54,"column":null}},{"start":{},"end":{}}],"line":53},"4":{"loc":{"start":{"line":59,"column":37},"end":{"line":59,"column":null}},"type":"cond-expr","locations":[{"start":{"line":59,"column":51},"end":{"line":59,"column":78}},{"start":{"line":59,"column":78},"end":{"line":59,"column":null}}],"line":59},"5":{"loc":{"start":{"line":64,"column":11},"end":{"line":64,"column":null}},"type":"cond-expr","locations":[{"start":{"line":64,"column":43},"end":{"line":64,"column":52}},{"start":{"line":64,"column":52},"end":{"line":64,"column":null}}],"line":64},"6":{"loc":{"start":{"line":68,"column":41},"end":{"line":68,"column":null}},"type":"cond-expr","locations":[{"start":{"line":68,"column":57},"end":{"line":68,"column":82}},{"start":{"line":68,"column":82},"end":{"line":68,"column":null}}],"line":68},"7":{"loc":{"start":{"line":75,"column":41},"end":{"line":75,"column":null}},"type":"cond-expr","locations":[{"start":{"line":75,"column":57},"end":{"line":75,"column":82}},{"start":{"line":75,"column":82},"end":{"line":75,"column":null}}],"line":75},"8":{"loc":{"start":{"line":79,"column":13},"end":{"line":79,"column":null}},"type":"cond-expr","locations":[{"start":{"line":79,"column":29},"end":{"line":79,"column":48}},{"start":{"line":79,"column":48},"end":{"line":79,"column":null}}],"line":79}},"s":{"0":2,"1":8,"2":8,"3":8,"4":8,"5":8,"6":1,"7":8,"8":1,"9":0,"10":1,"11":1,"12":1,"13":1,"14":1,"15":1,"16":1,"17":1,"18":1,"19":1,"20":1,"21":1,"22":1,"23":1,"24":1,"25":1,"26":1,"27":0,"28":1,"29":8,"30":4,"31":4},"f":{"0":8,"1":1,"2":1,"3":1},"b":{"0":[0,1],"1":[1,0],"2":[1,0],"3":[4,4],"4":[0,4],"5":[4,0],"6":[0,4],"7":[0,4],"8":[0,4]},"meta":{"lastBranch":9,"lastFunction":4,"lastStatement":32,"seen":{"s:10:13:83:Infinity":0,"f:10:13:10:29":0,"s:11:8:11:35":1,"s:12:8:12:67":2,"s:13:10:13:54":3,"s:15:24:15:59":4,"s:17:8:18:Infinity":5,"f:17:8:17:34":1,"s:18:4:18:Infinity":6,"s:21:28:50:Infinity":7,"f:21:28:21:40":2,"b:22:4:23:Infinity:undefined:undefined:undefined:undefined":0,"s:22:4:23:Infinity":8,"s:23:6:23:Infinity":9,"s:26:4:26:Infinity":10,"s:28:4:50:Infinity":11,"s:29:25:29:48":12,"s:30:22:34:Infinity":13,"f:30:39:30:44":3,"s:31:21:31:Infinity":14,"b:31:21:31:37:31:37:31:Infinity":1,"s:32:20:32:Infinity":15,"b:32:20:32:35:32:35:32:Infinity":2,"s:33:8:33:Infinity":16,"s:36:25:36:70":17,"s:38:19:38:78":18,"s:39:18:39:43":19,"s:40:19:40:46":20,"s:41:6:41:Infinity":21,"s:42:6:42:Infinity":22,"s:43:6:43:Infinity":23,"s:44:6:44:Infinity":24,"s:45:6:45:Infinity":25,"s:46:6:46:Infinity":26,"s:48:6:48:Infinity":27,"s:50:6:50:Infinity":28,"b:53:2:54:Infinity:undefined:undefined:undefined:undefined":3,"s:53:2:54:Infinity":29,"s:54:4:54:Infinity":30,"s:57:2:83:Infinity":31,"b:59:51:59:78:59:78:59:Infinity":4,"b:64:43:64:52:64:52:64:Infinity":5,"b:68:57:68:82:68:82:68:Infinity":6,"b:75:57:75:82:75:82:75:Infinity":7,"b:79:29:79:48:79:48:79:Infinity":8}}}
,"/home/artem/Desktop/ya/rs-react/react/src/shared/components/footer/footer.tsx": {"path":"/home/artem/Desktop/ya/rs-react/react/src/shared/components/footer/footer.tsx","statementMap":{"0":{"start":{"line":9,"column":13},"end":{"line":16,"column":null}},"1":{"start":{"line":10,"column":10},"end":{"line":10,"column":54}},"2":{"start":{"line":11,"column":2},"end":{"line":16,"column":null}}},"fnMap":{"0":{"name":"(anonymous_0)","decl":{"start":{"line":9,"column":13},"end":{"line":9,"column":23}},"loc":{"start":{"line":9,"column":58},"end":{"line":16,"column":null}},"line":9}},"branchMap":{"0":{"loc":{"start":{"line":9,"column":25},"end":{"line":9,"column":58}},"type":"default-arg","locations":[{"start":{"line":9,"column":32},"end":{"line":9,"column":58}}],"line":9},"1":{"loc":{"start":{"line":13,"column":35},"end":{"line":13,"column":null}},"type":"cond-expr","locations":[{"start":{"line":13,"column":49},"end":{"line":13,"column":73}},{"start":{"line":13,"column":73},"end":{"line":13,"column":null}}],"line":13}},"s":{"0":1,"1":2,"2":2},"f":{"0":2},"b":{"0":[2],"1":[0,2]},"meta":{"lastBranch":2,"lastFunction":1,"lastStatement":3,"seen":{"s:9:13:16:Infinity":0,"f:9:13:9:23":0,"b:9:32:9:58":0,"s:10:10:10:54":1,"s:11:2:16:Infinity":2,"b:13:49:13:73:13:73:13:Infinity":1}}}
,"/home/artem/Desktop/ya/rs-react/react/src/shared/components/header/header.tsx": {"path":"/home/artem/Desktop/ya/rs-react/react/src/shared/components/header/header.tsx","statementMap":{"0":{"start":{"line":9,"column":13},"end":{"line":63,"column":null}},"1":{"start":{"line":10,"column":16},"end":{"line":10,"column":43}},"2":{"start":{"line":11,"column":23},"end":{"line":11,"column":67}},"3":{"start":{"line":12,"column":8},"end":{"line":13,"column":null}},"4":{"start":{"line":13,"column":4},"end":{"line":13,"column":null}},"5":{"start":{"line":15,"column":2},"end":{"line":16,"column":null}},"6":{"start":{"line":16,"column":4},"end":{"line":16,"column":null}},"7":{"start":{"line":19,"column":2},"end":{"line":63,"column":null}},"8":{"start":{"line":30,"column":14},"end":{"line":30,"column":null}},"9":{"start":{"line":38,"column":14},"end":{"line":38,"column":null}},"10":{"start":{"line":46,"column":14},"end":{"line":46,"column":null}}},"fnMap":{"0":{"name":"(anonymous_0)","decl":{"start":{"line":9,"column":13},"end":{"line":9,"column":28}},"loc":{"start":{"line":9,"column":28},"end":{"line":63,"column":null}},"line":9},"1":{"name":"(anonymous_1)","decl":{"start":{"line":12,"column":8},"end":{"line":12,"column":43}},"loc":{"start":{"line":12,"column":43},"end":{"line":13,"column":null}},"line":12},"2":{"name":"(anonymous_2)","decl":{"start":{"line":29,"column":12},"end":{"line":29,"column":24}},"loc":{"start":{"line":30,"column":14},"end":{"line":30,"column":null}},"line":30},"3":{"name":"(anonymous_3)","decl":{"start":{"line":37,"column":12},"end":{"line":37,"column":24}},"loc":{"start":{"line":38,"column":14},"end":{"line":38,"column":null}},"line":38},"4":{"name":"(anonymous_4)","decl":{"start":{"line":45,"column":12},"end":{"line":45,"column":24}},"loc":{"start":{"line":46,"column":14},"end":{"line":46,"column":null}},"line":46}},"branchMap":{"0":{"loc":{"start":{"line":15,"column":2},"end":{"line":16,"column":null}},"type":"if","locations":[{"start":{"line":15,"column":2},"end":{"line":16,"column":null}},{"start":{},"end":{}}],"line":15},"1":{"loc":{"start":{"line":21,"column":35},"end":{"line":21,"column":null}},"type":"cond-expr","locations":[{"start":{"line":21,"column":49},"end":{"line":21,"column":74}},{"start":{"line":21,"column":74},"end":{"line":21,"column":null}}],"line":21},"2":{"loc":{"start":{"line":30,"column":14},"end":{"line":30,"column":null}},"type":"cond-expr","locations":[{"start":{"line":30,"column":25},"end":{"line":30,"column":48}},{"start":{"line":30,"column":48},"end":{"line":30,"column":null}}],"line":30},"3":{"loc":{"start":{"line":38,"column":14},"end":{"line":38,"column":null}},"type":"cond-expr","locations":[{"start":{"line":38,"column":25},"end":{"line":38,"column":48}},{"start":{"line":38,"column":48},"end":{"line":38,"column":null}}],"line":38},"4":{"loc":{"start":{"line":46,"column":14},"end":{"line":46,"column":null}},"type":"cond-expr","locations":[{"start":{"line":46,"column":25},"end":{"line":46,"column":48}},{"start":{"line":46,"column":48},"end":{"line":46,"column":null}}],"line":46},"5":{"loc":{"start":{"line":60,"column":39},"end":{"line":60,"column":null}},"type":"cond-expr","locations":[{"start":{"line":60,"column":53},"end":{"line":60,"column":76}},{"start":{"line":60,"column":76},"end":{"line":60,"column":null}}],"line":60},"6":{"loc":{"start":{"line":61,"column":16},"end":{"line":61,"column":null}},"type":"cond-expr","locations":[{"start":{"line":61,"column":30},"end":{"line":61,"column":48}},{"start":{"line":61,"column":48},"end":{"line":61,"column":null}}],"line":61}},"s":{"0":2,"1":8,"2":8,"3":8,"4":1,"5":8,"6":2,"7":5,"8":5,"9":5,"10":5},"f":{"0":8,"1":1,"2":5,"3":5,"4":5},"b":{"0":[2,6],"1":[0,5],"2":[5,0],"3":[0,5],"4":[0,5],"5":[0,5],"6":[0,5]},"meta":{"lastBranch":7,"lastFunction":5,"lastStatement":11,"seen":{"s:9:13:63:Infinity":0,"f:9:13:9:28":0,"s:10:16:10:43":1,"s:11:23:11:67":2,"s:12:8:13:Infinity":3,"f:12:8:12:43":1,"s:13:4:13:Infinity":4,"b:15:2:16:Infinity:undefined:undefined:undefined:undefined":0,"s:15:2:16:Infinity":5,"s:16:4:16:Infinity":6,"s:19:2:63:Infinity":7,"b:21:49:21:74:21:74:21:Infinity":1,"f:29:12:29:24":2,"s:30:14:30:Infinity":8,"b:30:25:30:48:30:48:30:Infinity":2,"f:37:12:37:24":3,"s:38:14:38:Infinity":9,"b:38:25:38:48:38:48:38:Infinity":3,"f:45:12:45:24":4,"s:46:14:46:Infinity":10,"b:46:25:46:48:46:48:46:Infinity":4,"b:60:53:60:76:60:76:60:Infinity":5,"b:61:30:61:48:61:48:61:Infinity":6}}}
,"/home/artem/Desktop/ya/rs-react/react/src/shared/components/select/select.tsx": {"path":"/home/artem/Desktop/ya/rs-react/react/src/shared/components/select/select.tsx","statementMap":{"0":{"start":{"line":19,"column":13},"end":{"line":46,"column":null}},"1":{"start":{"line":26,"column":8},"end":{"line":26,"column":29}},"2":{"start":{"line":27,"column":10},"end":{"line":27,"column":54}},"3":{"start":{"line":28,"column":8},"end":{"line":29,"column":40}},"4":{"start":{"line":29,"column":4},"end":{"line":29,"column":40}},"5":{"start":{"line":31,"column":2},"end":{"line":46,"column":null}},"6":{"start":{"line":41,"column":10},"end":{"line":43,"column":null}}},"fnMap":{"0":{"name":"(anonymous_0)","decl":{"start":{"line":19,"column":13},"end":{"line":19,"column":23}},"loc":{"start":{"line":25,"column":19},"end":{"line":46,"column":null}},"line":25},"1":{"name":"(anonymous_1)","decl":{"start":{"line":28,"column":8},"end":{"line":28,"column":24}},"loc":{"start":{"line":29,"column":4},"end":{"line":29,"column":40}},"line":29},"2":{"name":"(anonymous_2)","decl":{"start":{"line":40,"column":17},"end":{"line":40,"column":22}},"loc":{"start":{"line":41,"column":10},"end":{"line":43,"column":null}},"line":41}},"branchMap":{"0":{"loc":{"start":{"line":22,"column":2},"end":{"line":22,"column":null}},"type":"default-arg","locations":[{"start":{"line":22,"column":13},"end":{"line":22,"column":null}}],"line":22},"1":{"loc":{"start":{"line":34,"column":12},"end":{"line":34,"column":null}},"type":"binary-expr","locations":[{"start":{"line":34,"column":12},"end":{"line":34,"column":18}},{"start":{"line":34,"column":18},"end":{"line":34,"column":null}}],"line":34},"2":{"loc":{"start":{"line":38,"column":22},"end":{"line":38,"column":null}},"type":"cond-expr","locations":[{"start":{"line":38,"column":36},"end":{"line":38,"column":53}},{"start":{"line":38,"column":53},"end":{"line":38,"column":null}}],"line":38}},"s":{"0":2,"1":9,"2":9,"3":9,"4":3,"5":9,"6":27},"f":{"0":9,"1":3,"2":27},"b":{"0":[9],"1":[9,8],"2":[0,9]},"meta":{"lastBranch":3,"lastFunction":3,"lastStatement":7,"seen":{"s:19:13:46:Infinity":0,"f:19:13:19:23":0,"b:22:13:22:Infinity":0,"s:26:8:26:29":1,"s:27:10:27:54":2,"s:28:8:29:40":3,"f:28:8:28:24":1,"s:29:4:29:40":4,"s:31:2:46:Infinity":5,"b:34:12:34:18:34:18:34:Infinity":1,"b:38:36:38:53:38:53:38:Infinity":2,"f:40:17:40:22":2,"s:41:10:43:Infinity":6}}}
,"/home/artem/Desktop/ya/rs-react/react/src/shared/components/text-input/text-input.tsx": {"path":"/home/artem/Desktop/ya/rs-react/react/src/shared/components/text-input/text-input.tsx","statementMap":{"0":{"start":{"line":13,"column":13},"end":{"line":36,"column":null}},"1":{"start":{"line":21,"column":8},"end":{"line":21,"column":29}},"2":{"start":{"line":22,"column":8},"end":{"line":23,"column":34}},"3":{"start":{"line":23,"column":4},"end":{"line":23,"column":34}},"4":{"start":{"line":25,"column":2},"end":{"line":36,"column":null}}},"fnMap":{"0":{"name":"(anonymous_0)","decl":{"start":{"line":13,"column":13},"end":{"line":13,"column":26}},"loc":{"start":{"line":20,"column":22},"end":{"line":36,"column":null}},"line":20},"1":{"name":"(anonymous_1)","decl":{"start":{"line":22,"column":8},"end":{"line":22,"column":24}},"loc":{"start":{"line":23,"column":4},"end":{"line":23,"column":34}},"line":23}},"branchMap":{"0":{"loc":{"start":{"line":15,"column":2},"end":{"line":15,"column":null}},"type":"default-arg","locations":[{"start":{"line":15,"column":9},"end":{"line":15,"column":null}}],"line":15},"1":{"loc":{"start":{"line":18,"column":2},"end":{"line":18,"column":null}},"type":"default-arg","locations":[{"start":{"line":18,"column":16},"end":{"line":18,"column":null}}],"line":18},"2":{"loc":{"start":{"line":28,"column":12},"end":{"line":28,"column":null}},"type":"binary-expr","locations":[{"start":{"line":28,"column":12},"end":{"line":28,"column":18}},{"start":{"line":28,"column":18},"end":{"line":28,"column":null}}],"line":28}},"s":{"0":2,"1":27,"2":27,"3":26,"4":27},"f":{"0":27,"1":26},"b":{"0":[27],"1":[27],"2":[27,26]},"meta":{"lastBranch":3,"lastFunction":2,"lastStatement":5,"seen":{"s:13:13:36:Infinity":0,"f:13:13:13:26":0,"b:15:9:15:Infinity":0,"b:18:16:18:Infinity":1,"s:21:8:21:29":1,"s:22:8:23:34":2,"f:22:8:22:24":1,"s:23:4:23:34":3,"s:25:2:36:Infinity":4,"b:28:12:28:18:28:18:28:Infinity":2}}}
,"/home/artem/Desktop/ya/rs-react/react/src/shared/context/appThemeContext.tsx": {"path":"/home/artem/Desktop/ya/rs-react/react/src/shared/context/appThemeContext.tsx","statementMap":{"0":{"start":{"line":8,"column":13},"end":{"line":11,"column":2}}},"fnMap":{"0":{"name":"(anonymous_0)","decl":{"start":{"line":10,"column":2},"end":{"line":10,"column":21}},"loc":{"start":{"line":10,"column":21},"end":{"line":10,"column":null}},"line":10}},"branchMap":{},"s":{"0":12},"f":{"0":0},"b":{},"meta":{"lastBranch":0,"lastFunction":1,"lastStatement":1,"seen":{"s:8:13:11:2":0,"f:10:2:10:21":0}}}
,"/home/artem/Desktop/ya/rs-react/react/src/shared/context/appThemeContextProvider.tsx": {"path":"/home/artem/Desktop/ya/rs-react/react/src/shared/context/appThemeContextProvider.tsx","statementMap":{"0":{"start":{"line":4,"column":13},"end":{"line":18,"column":null}},"1":{"start":{"line":9,"column":22},"end":{"line":9,"column":55}},"2":{"start":{"line":11,"column":8},"end":{"line":12,"column":null}},"3":{"start":{"line":12,"column":4},"end":{"line":12,"column":null}},"4":{"start":{"line":12,"column":29},"end":{"line":12,"column":35}},"5":{"start":{"line":15,"column":2},"end":{"line":18,"column":null}}},"fnMap":{"0":{"name":"(anonymous_0)","decl":{"start":{"line":4,"column":13},"end":{"line":4,"column":34}},"loc":{"start":{"line":8,"column":6},"end":{"line":18,"column":null}},"line":8},"1":{"name":"(anonymous_1)","decl":{"start":{"line":11,"column":8},"end":{"line":11,"column":34}},"loc":{"start":{"line":11,"column":34},"end":{"line":12,"column":null}},"line":11},"2":{"name":"(anonymous_2)","decl":{"start":{"line":12,"column":4},"end":{"line":12,"column":20}},"loc":{"start":{"line":12,"column":29},"end":{"line":12,"column":35}},"line":12}},"branchMap":{},"s":{"0":2,"1":3,"2":3,"3":2,"4":2,"5":3},"f":{"0":3,"1":2,"2":2},"b":{},"meta":{"lastBranch":0,"lastFunction":3,"lastStatement":6,"seen":{"s:4:13:18:Infinity":0,"f:4:13:4:34":0,"s:9:22:9:55":1,"s:11:8:12:Infinity":2,"f:11:8:11:34":1,"s:12:4:12:Infinity":3,"f:12:4:12:20":2,"s:12:29:12:35":4,"s:15:2:18:Infinity":5}}}
,"/home/artem/Desktop/ya/rs-react/react/src/shared/helpers/capitalizeStr.ts": {"path":"/home/artem/Desktop/ya/rs-react/react/src/shared/helpers/capitalizeStr.ts","statementMap":{"0":{"start":{"line":1,"column":13},"end":{"line":5,"column":null}},"1":{"start":{"line":2,"column":2},"end":{"line":3,"column":null}},"2":{"start":{"line":3,"column":4},"end":{"line":3,"column":null}},"3":{"start":{"line":5,"column":2},"end":{"line":5,"column":null}}},"fnMap":{"0":{"name":"(anonymous_0)","decl":{"start":{"line":1,"column":13},"end":{"line":1,"column":30}},"loc":{"start":{"line":1,"column":54},"end":{"line":5,"column":null}},"line":1}},"branchMap":{"0":{"loc":{"start":{"line":2,"column":2},"end":{"line":3,"column":null}},"type":"if","locations":[{"start":{"line":2,"column":2},"end":{"line":3,"column":null}},{"start":{},"end":{}}],"line":2}},"s":{"0":2,"1":6,"2":1,"3":5},"f":{"0":6},"b":{"0":[1,5]},"meta":{"lastBranch":1,"lastFunction":1,"lastStatement":4,"seen":{"s:1:13:5:Infinity":0,"f:1:13:1:30":0,"b:2:2:3:Infinity:undefined:undefined:undefined:undefined":0,"s:2:2:3:Infinity":1,"s:3:4:3:Infinity":2,"s:5:2:5:Infinity":3}}}
,"/home/artem/Desktop/ya/rs-react/react/src/shared/helpers/generateRandomId.ts": {"path":"/home/artem/Desktop/ya/rs-react/react/src/shared/helpers/generateRandomId.ts","statementMap":{"0":{"start":{"line":1,"column":13},"end":{"line":2,"column":67}},"1":{"start":{"line":2,"column":2},"end":{"line":2,"column":67}}},"fnMap":{"0":{"name":"(anonymous_0)","decl":{"start":{"line":1,"column":13},"end":{"line":1,"column":null}},"loc":{"start":{"line":2,"column":2},"end":{"line":2,"column":67}},"line":2}},"branchMap":{},"s":{"0":1,"1":2},"f":{"0":2},"b":{},"meta":{"lastBranch":0,"lastFunction":1,"lastStatement":2,"seen":{"s:1:13:2:67":0,"f:1:13:1:Infinity":0,"s:2:2:2:67":1}}}
,"/home/artem/Desktop/ya/rs-react/react/src/shared/hooks/use-local-storage.ts": {"path":"/home/artem/Desktop/ya/rs-react/react/src/shared/hooks/use-local-storage.ts","statementMap":{"0":{"start":{"line":3,"column":13},"end":{"line":24,"column":null}},"1":{"start":{"line":4,"column":8},"end":{"line":10,"column":null}},"2":{"start":{"line":6,"column":26},"end":{"line":6,"column":51}},"3":{"start":{"line":8,"column":6},"end":{"line":8,"column":null}},"4":{"start":{"line":13,"column":8},"end":{"line":17,"column":null}},"5":{"start":{"line":15,"column":6},"end":{"line":15,"column":null}},"6":{"start":{"line":20,"column":8},"end":{"line":22,"column":11}},"7":{"start":{"line":21,"column":4},"end":{"line":21,"column":null}},"8":{"start":{"line":24,"column":2},"end":{"line":24,"column":null}}},"fnMap":{"0":{"name":"(anonymous_0)","decl":{"start":{"line":3,"column":13},"end":{"line":3,"column":32}},"loc":{"start":{"line":3,"column":48},"end":{"line":24,"column":null}},"line":3},"1":{"name":"(anonymous_1)","decl":{"start":{"line":4,"column":21},"end":{"line":4,"column":null}},"loc":{"start":{"line":5,"column":31},"end":{"line":10,"column":5}},"line":5},"2":{"name":"(anonymous_2)","decl":{"start":{"line":13,"column":21},"end":{"line":13,"column":null}},"loc":{"start":{"line":14,"column":29},"end":{"line":17,"column":5}},"line":14},"3":{"name":"(anonymous_3)","decl":{"start":{"line":20,"column":24},"end":{"line":20,"column":48}},"loc":{"start":{"line":20,"column":48},"end":{"line":22,"column":6}},"line":20}},"branchMap":{"0":{"loc":{"start":{"line":5,"column":5},"end":{"line":5,"column":31}},"type":"default-arg","locations":[{"start":{"line":5,"column":16},"end":{"line":5,"column":31}}],"line":5},"1":{"loc":{"start":{"line":8,"column":13},"end":{"line":8,"column":null}},"type":"binary-expr","locations":[{"start":{"line":8,"column":13},"end":{"line":8,"column":28}},{"start":{"line":8,"column":28},"end":{"line":8,"column":null}}],"line":8}},"s":{"0":1,"1":43,"2":6,"3":6,"4":43,"5":2,"6":43,"7":0,"8":43},"f":{"0":43,"1":6,"2":2,"3":0},"b":{"0":[6],"1":[6,5]},"meta":{"lastBranch":2,"lastFunction":4,"lastStatement":9,"seen":{"s:3:13:24:Infinity":0,"f:3:13:3:32":0,"s:4:8:10:Infinity":1,"f:4:21:4:Infinity":1,"b:5:16:5:31":0,"s:6:26:6:51":2,"s:8:6:8:Infinity":3,"b:8:13:8:28:8:28:8:Infinity":1,"s:13:8:17:Infinity":4,"f:13:21:13:Infinity":2,"s:15:6:15:Infinity":5,"s:20:8:22:11":6,"f:20:24:20:48":3,"s:21:4:21:Infinity":7,"s:24:2:24:Infinity":8}}}
,"/home/artem/Desktop/ya/rs-react/react/src/shared/hooks/use-pagination.ts": {"path":"/home/artem/Desktop/ya/rs-react/react/src/shared/hooks/use-pagination.ts","statementMap":{"0":{"start":{"line":4,"column":13},"end":{"line":29,"column":null}},"1":{"start":{"line":5,"column":23},"end":{"line":5,"column":59}},"2":{"start":{"line":6,"column":20},"end":{"line":6,"column":44}},"3":{"start":{"line":8,"column":2},"end":{"line":18,"column":null}},"4":{"start":{"line":9,"column":4},"end":{"line":16,"column":null}},"5":{"start":{"line":10,"column":6},"end":{"line":16,"column":null}},"6":{"start":{"line":12,"column":10},"end":{"line":12,"column":null}},"7":{"start":{"line":13,"column":10},"end":{"line":13,"column":null}},"8":{"start":{"line":20,"column":22},"end":{"line":20,"column":null}},"9":{"start":{"line":22,"column":8},"end":{"line":26,"column":null}},"10":{"start":{"line":23,"column":4},"end":{"line":26,"column":null}},"11":{"start":{"line":24,"column":6},"end":{"line":24,"column":null}},"12":{"start":{"line":25,"column":6},"end":{"line":25,"column":null}},"13":{"start":{"line":29,"column":2},"end":{"line":29,"column":null}}},"fnMap":{"0":{"name":"(anonymous_0)","decl":{"start":{"line":4,"column":13},"end":{"line":4,"column":30}},"loc":{"start":{"line":4,"column":50},"end":{"line":29,"column":null}},"line":4},"1":{"name":"(anonymous_1)","decl":{"start":{"line":8,"column":2},"end":{"line":8,"column":18}},"loc":{"start":{"line":8,"column":18},"end":{"line":18,"column":6}},"line":8},"2":{"name":"(anonymous_2)","decl":{"start":{"line":10,"column":6},"end":{"line":10,"column":null}},"loc":{"start":{"line":11,"column":18},"end":{"line":15,"column":10}},"line":11},"3":{"name":"(anonymous_3)","decl":{"start":{"line":22,"column":8},"end":{"line":22,"column":19}},"loc":{"start":{"line":22,"column":36},"end":{"line":26,"column":null}},"line":22},"4":{"name":"(anonymous_4)","decl":{"start":{"line":23,"column":4},"end":{"line":23,"column":21}},"loc":{"start":{"line":23,"column":30},"end":{"line":26,"column":null}},"line":23}},"branchMap":{"0":{"loc":{"start":{"line":4,"column":30},"end":{"line":4,"column":50}},"type":"default-arg","locations":[{"start":{"line":4,"column":44},"end":{"line":4,"column":50}}],"line":4},"1":{"loc":{"start":{"line":9,"column":4},"end":{"line":16,"column":null}},"type":"if","locations":[{"start":{"line":9,"column":4},"end":{"line":16,"column":null}},{"start":{},"end":{}}],"line":9},"2":{"loc":{"start":{"line":20,"column":22},"end":{"line":20,"column":null}},"type":"binary-expr","locations":[{"start":{"line":20,"column":22},"end":{"line":20,"column":39}},{"start":{"line":20,"column":43},"end":{"line":20,"column":null}}],"line":20}},"s":{"0":1,"1":43,"2":43,"3":43,"4":17,"5":8,"6":8,"7":8,"8":43,"9":43,"10":4,"11":4,"12":4,"13":43},"f":{"0":43,"1":17,"2":8,"3":4,"4":4},"b":{"0":[43],"1":[8,9],"2":[43,16]},"meta":{"lastBranch":3,"lastFunction":5,"lastStatement":14,"seen":{"s:4:13:29:Infinity":0,"f:4:13:4:30":0,"b:4:44:4:50":0,"s:5:23:5:59":1,"s:6:20:6:44":2,"s:8:2:18:Infinity":3,"f:8:2:8:18":1,"b:9:4:16:Infinity:undefined:undefined:undefined:undefined":1,"s:9:4:16:Infinity":4,"s:10:6:16:Infinity":5,"f:10:6:10:Infinity":2,"s:12:10:12:Infinity":6,"s:13:10:13:Infinity":7,"s:20:22:20:Infinity":8,"b:20:22:20:39:20:43:20:Infinity":2,"s:22:8:26:Infinity":9,"f:22:8:22:19":3,"s:23:4:26:Infinity":10,"f:23:4:23:21":4,"s:24:6:24:Infinity":11,"s:25:6:25:Infinity":12,"s:29:2:29:Infinity":13}}}
,"/home/artem/Desktop/ya/rs-react/react/src/shared/services/api/api-service.ts": {"path":"/home/artem/Desktop/ya/rs-react/react/src/shared/services/api/api-service.ts","statementMap":{"0":{"start":{"line":4,"column":19},"end":{"line":4,"column":null}},"1":{"start":{"line":5,"column":18},"end":{"line":5,"column":null}},"2":{"start":{"line":8,"column":21},"end":{"line":9,"column":null}},"3":{"start":{"line":11,"column":4},"end":{"line":12,"column":null}},"4":{"start":{"line":12,"column":6},"end":{"line":12,"column":null}},"5":{"start":{"line":14,"column":4},"end":{"line":15,"column":null}},"6":{"start":{"line":15,"column":6},"end":{"line":15,"column":null}},"7":{"start":{"line":17,"column":4},"end":{"line":18,"column":null}},"8":{"start":{"line":18,"column":6},"end":{"line":18,"column":null}},"9":{"start":{"line":20,"column":4},"end":{"line":21,"column":null}},"10":{"start":{"line":21,"column":6},"end":{"line":21,"column":null}},"11":{"start":{"line":23,"column":4},"end":{"line":23,"column":null}},"12":{"start":{"line":27,"column":21},"end":{"line":27,"column":37}},"13":{"start":{"line":28,"column":4},"end":{"line":29,"column":null}},"14":{"start":{"line":29,"column":6},"end":{"line":29,"column":null}},"15":{"start":{"line":31,"column":4},"end":{"line":32,"column":null}},"16":{"start":{"line":32,"column":6},"end":{"line":32,"column":null}},"17":{"start":{"line":34,"column":4},"end":{"line":35,"column":null}},"18":{"start":{"line":35,"column":6},"end":{"line":35,"column":null}},"19":{"start":{"line":37,"column":4},"end":{"line":38,"column":null}},"20":{"start":{"line":38,"column":6},"end":{"line":38,"column":null}},"21":{"start":{"line":41,"column":4},"end":{"line":41,"column":null}},"22":{"start":{"line":45,"column":4},"end":{"line":45,"column":null}},"23":{"start":{"line":49,"column":4},"end":{"line":49,"column":null}},"24":{"start":{"line":53,"column":4},"end":{"line":53,"column":null}},"25":{"start":{"line":57,"column":26},"end":{"line":57,"column":42}}},"fnMap":{"0":{"name":"(anonymous_0)","decl":{"start":{"line":7,"column":8},"end":{"line":7,"column":53}},"loc":{"start":{"line":7,"column":53},"end":{"line":23,"column":null}},"line":7},"1":{"name":"(anonymous_1)","decl":{"start":{"line":26,"column":8},"end":{"line":26,"column":26}},"loc":{"start":{"line":26,"column":64},"end":{"line":41,"column":null}},"line":26},"2":{"name":"(anonymous_2)","decl":{"start":{"line":44,"column":2},"end":{"line":44,"column":17}},"loc":{"start":{"line":44,"column":39},"end":{"line":45,"column":null}},"line":44},"3":{"name":"(anonymous_3)","decl":{"start":{"line":48,"column":2},"end":{"line":48,"column":17}},"loc":{"start":{"line":48,"column":32},"end":{"line":49,"column":null}},"line":48},"4":{"name":"(anonymous_4)","decl":{"start":{"line":52,"column":2},"end":{"line":52,"column":16}},"loc":{"start":{"line":52,"column":31},"end":{"line":53,"column":null}},"line":52}},"branchMap":{"0":{"loc":{"start":{"line":11,"column":4},"end":{"line":12,"column":null}},"type":"if","locations":[{"start":{"line":11,"column":4},"end":{"line":12,"column":null}},{"start":{},"end":{}}],"line":11},"1":{"loc":{"start":{"line":14,"column":4},"end":{"line":15,"column":null}},"type":"if","locations":[{"start":{"line":14,"column":4},"end":{"line":15,"column":null}},{"start":{},"end":{}}],"line":14},"2":{"loc":{"start":{"line":17,"column":4},"end":{"line":18,"column":null}},"type":"if","locations":[{"start":{"line":17,"column":4},"end":{"line":18,"column":null}},{"start":{},"end":{}}],"line":17},"3":{"loc":{"start":{"line":20,"column":4},"end":{"line":21,"column":null}},"type":"if","locations":[{"start":{"line":20,"column":4},"end":{"line":21,"column":null}},{"start":{},"end":{}}],"line":20},"4":{"loc":{"start":{"line":28,"column":4},"end":{"line":29,"column":null}},"type":"if","locations":[{"start":{"line":28,"column":4},"end":{"line":29,"column":null}},{"start":{},"end":{}}],"line":28},"5":{"loc":{"start":{"line":31,"column":4},"end":{"line":32,"column":null}},"type":"if","locations":[{"start":{"line":31,"column":4},"end":{"line":32,"column":null}},{"start":{},"end":{}}],"line":31},"6":{"loc":{"start":{"line":34,"column":4},"end":{"line":35,"column":null}},"type":"if","locations":[{"start":{"line":34,"column":4},"end":{"line":35,"column":null}},{"start":{},"end":{}}],"line":34},"7":{"loc":{"start":{"line":37,"column":4},"end":{"line":38,"column":null}},"type":"if","locations":[{"start":{"line":37,"column":4},"end":{"line":38,"column":null}},{"start":{},"end":{}}],"line":37}},"s":{"0":5,"1":5,"2":6,"3":6,"4":1,"5":5,"6":1,"7":4,"8":1,"9":3,"10":1,"11":2,"12":5,"13":5,"14":1,"15":4,"16":1,"17":3,"18":1,"19":2,"20":1,"21":1,"22":3,"23":41,"24":32,"25":5},"f":{"0":6,"1":5,"2":3,"3":41,"4":32},"b":{"0":[1,5],"1":[1,4],"2":[1,3],"3":[1,2],"4":[1,4],"5":[1,3],"6":[1,2],"7":[1,1]},"meta":{"lastBranch":8,"lastFunction":5,"lastStatement":26,"seen":{"s:4:19:4:Infinity":0,"s:5:18:5:Infinity":1,"f:7:8:7:53":0,"s:8:21:9:Infinity":2,"b:11:4:12:Infinity:undefined:undefined:undefined:undefined":0,"s:11:4:12:Infinity":3,"s:12:6:12:Infinity":4,"b:14:4:15:Infinity:undefined:undefined:undefined:undefined":1,"s:14:4:15:Infinity":5,"s:15:6:15:Infinity":6,"b:17:4:18:Infinity:undefined:undefined:undefined:undefined":2,"s:17:4:18:Infinity":7,"s:18:6:18:Infinity":8,"b:20:4:21:Infinity:undefined:undefined:undefined:undefined":3,"s:20:4:21:Infinity":9,"s:21:6:21:Infinity":10,"s:23:4:23:Infinity":11,"f:26:8:26:26":1,"s:27:21:27:37":12,"b:28:4:29:Infinity:undefined:undefined:undefined:undefined":4,"s:28:4:29:Infinity":13,"s:29:6:29:Infinity":14,"b:31:4:32:Infinity:undefined:undefined:undefined:undefined":5,"s:31:4:32:Infinity":15,"s:32:6:32:Infinity":16,"b:34:4:35:Infinity:undefined:undefined:undefined:undefined":6,"s:34:4:35:Infinity":17,"s:35:6:35:Infinity":18,"b:37:4:38:Infinity:undefined:undefined:undefined:undefined":7,"s:37:4:38:Infinity":19,"s:38:6:38:Infinity":20,"s:41:4:41:Infinity":21,"f:44:2:44:17":2,"s:45:4:45:Infinity":22,"f:48:2:48:17":3,"s:49:4:49:Infinity":23,"f:52:2:52:16":4,"s:53:4:53:Infinity":24,"s:57:26:57:42":25}}}
,"/home/artem/Desktop/ya/rs-react/react/src/store/hooks.ts": {"path":"/home/artem/Desktop/ya/rs-react/react/src/store/hooks.ts","statementMap":{"0":{"start":{"line":4,"column":30},"end":{"line":4,"column":66}},"1":{"start":{"line":5,"column":30},"end":{"line":5,"column":64}}},"fnMap":{},"branchMap":{},"s":{"0":3,"1":3},"f":{},"b":{},"meta":{"lastBranch":0,"lastFunction":0,"lastStatement":2,"seen":{"s:4:30:4:66":0,"s:5:30:5:64":1}}}
,"/home/artem/Desktop/ya/rs-react/react/src/store/selectedPokemonSlice.ts": {"path":"/home/artem/Desktop/ya/rs-react/react/src/store/selectedPokemonSlice.ts","statementMap":{"0":{"start":{"line":9,"column":44},"end":{"line":10,"column":null}},"1":{"start":{"line":13,"column":6},"end":{"line":37,"column":2}},"2":{"start":{"line":21,"column":26},"end":{"line":21,"column":null}},"3":{"start":{"line":22,"column":20},"end":{"line":23,"column":null}},"4":{"start":{"line":23,"column":21},"end":{"line":23,"column":null}},"5":{"start":{"line":25,"column":6},"end":{"line":30,"column":null}},"6":{"start":{"line":26,"column":8},"end":{"line":28,"column":null}},"7":{"start":{"line":27,"column":23},"end":{"line":27,"column":null}},"8":{"start":{"line":30,"column":8},"end":{"line":30,"column":null}},"9":{"start":{"line":34,"column":6},"end":{"line":34,"column":null}},"10":{"start":{"line":40,"column":2},"end":{"line":40,"column":null}},"11":{"start":{"line":42,"column":13},"end":{"line":43,"column":null}},"12":{"start":{"line":43,"column":2},"end":{"line":43,"column":null}}},"fnMap":{"0":{"name":"(anonymous_0)","decl":{"start":{"line":17,"column":4},"end":{"line":17,"column":null}},"loc":{"start":{"line":20,"column":9},"end":{"line":30,"column":null}},"line":20},"1":{"name":"(anonymous_1)","decl":{"start":{"line":22,"column":42},"end":{"line":22,"column":null}},"loc":{"start":{"line":23,"column":21},"end":{"line":23,"column":null}},"line":23},"2":{"name":"(anonymous_2)","decl":{"start":{"line":26,"column":54},"end":{"line":26,"column":null}},"loc":{"start":{"line":27,"column":23},"end":{"line":27,"column":null}},"line":27},"3":{"name":"(anonymous_3)","decl":{"start":{"line":33,"column":4},"end":{"line":33,"column":28}},"loc":{"start":{"line":33,"column":38},"end":{"line":34,"column":null}},"line":33},"4":{"name":"(anonymous_4)","decl":{"start":{"line":42,"column":13},"end":{"line":42,"column":41}},"loc":{"start":{"line":43,"column":2},"end":{"line":43,"column":null}},"line":43}},"branchMap":{"0":{"loc":{"start":{"line":25,"column":6},"end":{"line":30,"column":null}},"type":"if","locations":[{"start":{"line":25,"column":6},"end":{"line":30,"column":null}},{"start":{"line":29,"column":13},"end":{"line":30,"column":null}}],"line":25}},"s":{"0":5,"1":5,"2":2,"3":2,"4":1,"5":2,"6":1,"7":2,"8":1,"9":2,"10":5,"11":5,"12":24},"f":{"0":2,"1":1,"2":2,"3":2,"4":24},"b":{"0":[1,1]},"meta":{"lastBranch":1,"lastFunction":5,"lastStatement":13,"seen":{"s:9:44:10:Infinity":0,"s:13:6:37:2":1,"f:17:4:17:Infinity":0,"s:21:26:21:Infinity":2,"s:22:20:23:Infinity":3,"f:22:42:22:Infinity":1,"s:23:21:23:Infinity":4,"b:25:6:30:Infinity:29:13:30:Infinity":0,"s:25:6:30:Infinity":5,"s:26:8:28:Infinity":6,"f:26:54:26:Infinity":2,"s:27:23:27:Infinity":7,"s:30:8:30:Infinity":8,"f:33:4:33:28":3,"s:34:6:34:Infinity":9,"s:40:2:40:Infinity":10,"s:42:13:43:Infinity":11,"f:42:13:42:41":4,"s:43:2:43:Infinity":12}}}
,"/home/artem/Desktop/ya/rs-react/react/src/store/store.ts": {"path":"/home/artem/Desktop/ya/rs-react/react/src/store/store.ts","statementMap":{"0":{"start":{"line":4,"column":13},"end":{"line":9,"column":2}}},"fnMap":{},"branchMap":{},"s":{"0":3},"f":{},"b":{},"meta":{"lastBranch":0,"lastFunction":0,"lastStatement":1,"seen":{"s:4:13:9:2":0}}}
}
